This file contains any messages produced by compilers while
running configure, to aid debugging if configure makes a mistake.

It was created by configure, which was
generated by GNU Autoconf 2.53.  Invocation command line was

  $ ./configure 

## --------- ##
## Platform. ##
## --------- ##

hostname = marcin-desktop
uname -m = x86_64
uname -r = 3.16.0-38-generic
uname -s = Linux
uname -v = #52~14.04.1-Ubuntu SMP Fri May 8 09:43:57 UTC 2015

/usr/bin/uname -p = unknown
/bin/uname -X     = unknown

/bin/arch              = unknown
/usr/bin/arch -k       = unknown
/usr/convex/getsysinfo = unknown
hostinfo               = unknown
/bin/machine           = unknown
/usr/bin/oslevel       = unknown
/bin/universe          = unknown

PATH: /usr/local/sbin
PATH: /usr/local/bin
PATH: /usr/sbin
PATH: /usr/bin
PATH: /sbin
PATH: /bin
PATH: /usr/games
PATH: /usr/local/games


## ----------- ##
## Core tests. ##
## ----------- ##

configure:1408: checking build system type
configure:1426: result: x86_64-unknown-linux-gnu
configure:1434: checking host system type
configure:1448: result: x86_64-unknown-linux-gnu
configure:1457: checking whether make sets ${MAKE}
configure:1477: result: yes
configure:1527: checking for ranlib
configure:1543: found /usr/bin/ranlib
configure:1554: result: ranlib
configure:1578: checking for a BSD-compatible install
configure:1632: result: /usr/bin/install -c
configure:1651: checking for ar
configure:1669: found /usr/bin/ar
configure:1681: result: /usr/bin/ar
configure:1719: checking for etags
configure:1737: found /usr/bin/etags
configure:1749: result: /usr/bin/etags
configure:1765: checking for Exuberant Ctags etags
configure:1772: result: no
configure:1785: checking for perl5
configure:1818: result: no
configure:1785: checking for perl
configure:1803: found /usr/bin/perl
configure:1815: result: /usr/bin/perl
configure:1980: checking for gcc
configure:1996: found /usr/bin/gcc
configure:2006: result: gcc
configure:2250: checking for C compiler version
configure:2253: gcc --version </dev/null >&5
gcc (Ubuntu 4.8.4-2ubuntu1~14.04.3) 4.8.4
Copyright (C) 2013 Free Software Foundation, Inc.
This is free software; see the source for copying conditions.  There is NO
warranty; not even for MERCHANTABILITY or FITNESS FOR A PARTICULAR PURPOSE.

configure:2256: $? = 0
configure:2258: gcc -v </dev/null >&5
Using built-in specs.
COLLECT_GCC=gcc
COLLECT_LTO_WRAPPER=/usr/lib/gcc/x86_64-linux-gnu/4.8/lto-wrapper
Target: x86_64-linux-gnu
Configured with: ../src/configure -v --with-pkgversion='Ubuntu 4.8.4-2ubuntu1~14.04.3' --with-bugurl=file:///usr/share/doc/gcc-4.8/README.Bugs --enable-languages=c,c++,java,go,d,fortran,objc,obj-c++ --prefix=/usr --program-suffix=-4.8 --enable-shared --enable-linker-build-id --libexecdir=/usr/lib --without-included-gettext --enable-threads=posix --with-gxx-include-dir=/usr/include/c++/4.8 --libdir=/usr/lib --enable-nls --with-sysroot=/ --enable-clocale=gnu --enable-libstdcxx-debug --enable-libstdcxx-time=yes --enable-gnu-unique-object --disable-libmudflap --enable-plugin --with-system-zlib --disable-browser-plugin --enable-java-awt=gtk --enable-gtk-cairo --with-java-home=/usr/lib/jvm/java-1.5.0-gcj-4.8-amd64/jre --enable-java-home --with-jvm-root-dir=/usr/lib/jvm/java-1.5.0-gcj-4.8-amd64 --with-jvm-jar-dir=/usr/lib/jvm-exports/java-1.5.0-gcj-4.8-amd64 --with-arch-directory=amd64 --with-ecj-jar=/usr/share/java/eclipse-ecj.jar --enable-objc-gc --enable-multiarch --disable-werror --with-arch-32=i686 --with-abi=m64 --with-multilib-list=m32,m64,mx32 --with-tune=generic --enable-checking=release --build=x86_64-linux-gnu --host=x86_64-linux-gnu --target=x86_64-linux-gnu
Thread model: posix
gcc version 4.8.4 (Ubuntu 4.8.4-2ubuntu1~14.04.3) 
configure:2261: $? = 0
configure:2263: gcc -V </dev/null >&5
gcc: error: unrecognized command line option '-V'
gcc: fatal error: no input files
compilation terminated.
configure:2266: $? = 4
configure:2292: checking for C compiler default output
configure:2295: gcc    conftest.c  >&5
configure:2298: $? = 0
configure:2331: result: a.out
configure:2336: checking whether the C compiler works
configure:2342: ./a.out
configure:2345: $? = 0
configure:2360: result: yes
configure:2367: checking whether we are cross compiling
configure:2369: result: no
configure:2372: checking for suffix of executables
configure:2374: gcc -o conftest    conftest.c  >&5
configure:2377: $? = 0
configure:2399: result: 
configure:2405: checking for suffix of object files
configure:2429: gcc -c   conftest.c >&5
configure:2432: $? = 0
configure:2451: result: o
configure:2455: checking whether we are using the GNU C compiler
configure:2482: gcc -c   conftest.c >&5
configure:2485: $? = 0
configure:2488: test -s conftest.o
configure:2491: $? = 0
configure:2503: result: yes
configure:2509: checking whether gcc accepts -g
configure:2533: gcc -c -g  conftest.c >&5
configure:2536: $? = 0
configure:2539: test -s conftest.o
configure:2542: $? = 0
configure:2552: result: yes
configure:2579: gcc -c -g -O2  conftest.c >&5
conftest.c:2:3: error: unknown type name 'choke'
   choke me
   ^
conftest.c:2:3: error: expected '=', ',', ';', 'asm' or '__attribute__' at end of input
configure:2582: $? = 1
configure: failed program was:
#ifndef __cplusplus
  choke me
#endif
configure:2699: checking how to run the C preprocessor
configure:2725: gcc -E  conftest.c
configure:2731: $? = 0
configure:2758: gcc -E  conftest.c
configure:2754:28: fatal error: ac_nonexistent.h: No such file or directory
 #line $LINENO "configure"
                            ^
compilation terminated.
configure:2764: $? = 1
configure: failed program was:
#line 2753 "configure"
#include "confdefs.h"
#include <ac_nonexistent.h>
configure:2801: result: gcc -E
configure:2816: gcc -E  conftest.c
configure:2822: $? = 0
configure:2849: gcc -E  conftest.c
configure:2845:28: fatal error: ac_nonexistent.h: No such file or directory
 #line $LINENO "configure"
                            ^
compilation terminated.
configure:2855: $? = 1
configure: failed program was:
#line 2844 "configure"
#include "confdefs.h"
#include <ac_nonexistent.h>
configure:2895: checking for ANSI C header files
configure:2909: gcc -E  conftest.c
configure:2915: $? = 0
configure:3002: gcc -o conftest -g -O2   conftest.c  >&5
configure: In function 'main':
configure:2993:7: warning: incompatible implicit declaration of built-in function 'exit' [enabled by default]
   int i;
       ^
configure:3005: $? = 0
configure:3007: ./conftest
configure:3010: $? = 0
configure:3024: result: yes
configure:3049: checking for sys/types.h
configure:3062: gcc -c -g -O2  conftest.c >&5
configure:3065: $? = 0
configure:3068: test -s conftest.o
configure:3071: $? = 0
configure:3081: result: yes
configure:3049: checking for sys/stat.h
configure:3062: gcc -c -g -O2  conftest.c >&5
configure:3065: $? = 0
configure:3068: test -s conftest.o
configure:3071: $? = 0
configure:3081: result: yes
configure:3049: checking for stdlib.h
configure:3062: gcc -c -g -O2  conftest.c >&5
configure:3065: $? = 0
configure:3068: test -s conftest.o
configure:3071: $? = 0
configure:3081: result: yes
configure:3049: checking for string.h
configure:3062: gcc -c -g -O2  conftest.c >&5
configure:3065: $? = 0
configure:3068: test -s conftest.o
configure:3071: $? = 0
configure:3081: result: yes
configure:3049: checking for memory.h
configure:3062: gcc -c -g -O2  conftest.c >&5
configure:3065: $? = 0
configure:3068: test -s conftest.o
configure:3071: $? = 0
configure:3081: result: yes
configure:3049: checking for strings.h
configure:3062: gcc -c -g -O2  conftest.c >&5
configure:3065: $? = 0
configure:3068: test -s conftest.o
configure:3071: $? = 0
configure:3081: result: yes
configure:3049: checking for inttypes.h
configure:3062: gcc -c -g -O2  conftest.c >&5
configure:3065: $? = 0
configure:3068: test -s conftest.o
configure:3071: $? = 0
configure:3081: result: yes
configure:3049: checking for stdint.h
configure:3062: gcc -c -g -O2  conftest.c >&5
configure:3065: $? = 0
configure:3068: test -s conftest.o
configure:3071: $? = 0
configure:3081: result: yes
configure:3049: checking for unistd.h
configure:3062: gcc -c -g -O2  conftest.c >&5
configure:3065: $? = 0
configure:3068: test -s conftest.o
configure:3071: $? = 0
configure:3081: result: yes
configure:3112: checking fcntl.h usability
configure:3121: gcc -c -g -O2  conftest.c >&5
configure:3124: $? = 0
configure:3127: test -s conftest.o
configure:3130: $? = 0
configure:3139: result: yes
configure:3143: checking fcntl.h presence
configure:3150: gcc -E  conftest.c
configure:3156: $? = 0
configure:3174: result: yes
configure:3192: checking for fcntl.h
configure:3199: result: yes
configure:3112: checking sys/time.h usability
configure:3121: gcc -c -g -O2  conftest.c >&5
configure:3124: $? = 0
configure:3127: test -s conftest.o
configure:3130: $? = 0
configure:3139: result: yes
configure:3143: checking sys/time.h presence
configure:3150: gcc -E  conftest.c
configure:3156: $? = 0
configure:3174: result: yes
configure:3192: checking for sys/time.h
configure:3199: result: yes
configure:3103: checking for unistd.h
configure:3108: result: yes
configure:3112: checking sys/sockio.h usability
configure:3121: gcc -c -g -O2  conftest.c >&5
configure:3149:24: fatal error: sys/sockio.h: No such file or directory
 _ACEOF
                        ^
compilation terminated.
configure:3124: $? = 1
configure: failed program was:
#line 3114 "configure"
#include "confdefs.h"
#include <stdio.h>
#if HAVE_SYS_TYPES_H
# include <sys/types.h>
#endif
#if HAVE_SYS_STAT_H
# include <sys/stat.h>
#endif
#if STDC_HEADERS
# include <stdlib.h>
# include <stddef.h>
#else
# if HAVE_STDLIB_H
#  include <stdlib.h>
# endif
#endif
#if HAVE_STRING_H
# if !STDC_HEADERS && HAVE_MEMORY_H
#  include <memory.h>
# endif
# include <string.h>
#endif
#if HAVE_STRINGS_H
# include <strings.h>
#endif
#if HAVE_INTTYPES_H
# include <inttypes.h>
#else
# if HAVE_STDINT_H
#  include <stdint.h>
# endif
#endif
#if HAVE_UNISTD_H
# include <unistd.h>
#endif
#include <sys/sockio.h>
configure:3139: result: no
configure:3143: checking sys/sockio.h presence
configure:3150: gcc -E  conftest.c
configure:3146:24: fatal error: sys/sockio.h: No such file or directory
 #line $LINENO "configure"
                        ^
compilation terminated.
configure:3156: $? = 1
configure: failed program was:
#line 3145 "configure"
#include "confdefs.h"
#include <sys/sockio.h>
configure:3174: result: no
configure:3192: checking for sys/sockio.h
configure:3199: result: no
configure:3112: checking sys/select.h usability
configure:3121: gcc -c -g -O2  conftest.c >&5
configure:3124: $? = 0
configure:3127: test -s conftest.o
configure:3130: $? = 0
configure:3139: result: yes
configure:3143: checking sys/select.h presence
configure:3150: gcc -E  conftest.c
configure:3156: $? = 0
configure:3174: result: yes
configure:3192: checking for sys/select.h
configure:3199: result: yes
configure:3112: checking sys/sysctl.h usability
configure:3121: gcc -c -g -O2  conftest.c >&5
configure:3124: $? = 0
configure:3127: test -s conftest.o
configure:3130: $? = 0
configure:3139: result: yes
configure:3143: checking sys/sysctl.h presence
configure:3150: gcc -E  conftest.c
configure:3156: $? = 0
configure:3174: result: yes
configure:3192: checking for sys/sysctl.h
configure:3199: result: yes
configure:3213: checking for gcc option to accept ANSI C
configure:3276: gcc  -c -g -O2  conftest.c >&5
configure:3279: $? = 0
configure:3282: test -s conftest.o
configure:3285: $? = 0
configure:3302: result: none needed
configure:3310: checking for an ANSI C-conforming const
configure:3380: gcc -c -g -O2  conftest.c >&5
configure:3383: $? = 0
configure:3386: test -s conftest.o
configure:3389: $? = 0
configure:3399: result: yes
configure:3409: checking for inline
configure:3426: gcc -c -g -O2  conftest.c >&5
configure:3429: $? = 0
configure:3432: test -s conftest.o
configure:3435: $? = 0
configure:3446: result: inline
configure:3461: checking for sysctlbyname
configure:3522: gcc -o conftest -g -O2   conftest.c  >&5
/tmp/ccF3Empx.o:(.data+0x0): undefined reference to `sysctlbyname'
/tmp/ccF3Empx.o: In function `main':
/home/marcin/ClionProjects/myDig/bind_lib/configure:3514: undefined reference to `sysctlbyname'
collect2: error: ld returned 1 exit status
configure:3525: $? = 1
configure: failed program was:
#line 3466 "configure"
#include "confdefs.h"
/* From autoconf 2.57 */
/* Define sysctlbyname to an innocuous variant, in case <limits.h> declares sysctlbyname.
   For example, HP-UX 11i <limits.h> declares gettimeofday.  */
#define sysctlbyname innocuous_sysctlbyname

/* System header to define __stub macros and hopefully few prototypes,
    which can conflict with char sysctlbyname (); below.
    Prefer <limits.h> to <assert.h> if __STDC__ is defined, since
    <limits.h> exists even on freestanding compilers.  */

#ifdef __STDC__
# include <limits.h>
#else
# include <assert.h>
#endif

#undef sysctlbyname

/* Override any gcc2 internal prototype to avoid an error.  */
#ifdef __cplusplus
extern "C"
{
#endif
/* We use char because int might match the return type of a gcc2
   builtin and then its argument prototype would still apply.  */
char sysctlbyname ();
/* The GNU C library defines this for functions which it implements
    to always fail with ENOSYS.  Some functions are actually named
    something starting with __ and the normal name is an alias.  */
#if defined (__stub_sysctlbyname) || defined (__stub___sysctlbyname)
choke me
#else
char (*f) () = sysctlbyname;
#endif
#ifdef __cplusplus
}
#endif

#ifdef F77_DUMMY_MAIN
#  ifdef __cplusplus
     extern "C"
#  endif
   int F77_DUMMY_MAIN() { return 1; }
#endif
int
main ()
{
return f != sysctlbyname;
  ;
  return 0;
}
configure:3541: result: no
configure:3555: checking for static inline breakage
configure:3586: gcc -c -g -O2  conftest.c >&5
configure:3572:20: error: static declaration of 'foo1' follows non-static declaration
  }
                    ^
configure:3569:3: note: previous implicit declaration of 'foo1' was here
 {
   ^
configure:3589: $? = 1
configure: failed program was:
#line 3557 "configure"
#include "confdefs.h"

#ifdef F77_DUMMY_MAIN
#  ifdef __cplusplus
     extern "C"
#  endif
   int F77_DUMMY_MAIN() { return 1; }
#endif
int
main ()
{

		foo1();
	}

	static inline int foo1() {
		return 0;
	}

	static inline int foo2() {
		return foo1();

  ;
  return 0;
}
configure:3602: result: yes
configure:3611: checking for size_t
configure:3638: gcc -c -g -O2  conftest.c >&5
configure:3641: $? = 0
configure:3644: test -s conftest.o
configure:3647: $? = 0
configure:3657: result: yes
configure:3669: checking for ssize_t
configure:3696: gcc -c -g -O2  conftest.c >&5
configure:3699: $? = 0
configure:3702: test -s conftest.o
configure:3705: $? = 0
configure:3715: result: yes
configure:3727: checking whether time.h and sys/time.h may both be included
configure:3755: gcc -c -g -O2  conftest.c >&5
configure:3758: $? = 0
configure:3761: test -s conftest.o
configure:3764: $? = 0
configure:3774: result: yes
configure:3784: checking for long long
configure:3805: gcc -c -g -O2  conftest.c >&5
configure:3808: $? = 0
configure:3811: test -s conftest.o
configure:3814: $? = 0
configure:3816: result: yes
configure:3834: checking if unistd.h or sys/types.h defines fd_set
configure:3857: gcc -c -g -O2  conftest.c >&5
configure:3860: $? = 0
configure:3863: test -s conftest.o
configure:3866: $? = 0
configure:3868: result: yes
configure:3912: checking whether byte ordering is bigendian
configure:3942: gcc -c -g -O2  conftest.c >&5
configure:3945: $? = 0
configure:3948: test -s conftest.o
configure:3951: $? = 0
configure:3978: gcc -c -g -O2  conftest.c >&5
configure: In function 'main':
configure:3968:2: error: unknown type name 'not'
 {
  ^
configure:3968:10: error: expected '=', ',', ';', 'asm' or '__attribute__' before 'endian'
 {
          ^
configure:3981: $? = 1
configure: failed program was:
#line 3954 "configure"
#include "confdefs.h"
#include <sys/types.h>
#include <sys/param.h>

#ifdef F77_DUMMY_MAIN
#  ifdef __cplusplus
     extern "C"
#  endif
   int F77_DUMMY_MAIN() { return 1; }
#endif
int
main ()
{
#if BYTE_ORDER != BIG_ENDIAN
 not big endian
#endif

  ;
  return 0;
}
configure:4095: result: no
configure:4118: checking for OpenSSL library
configure:4131: result: no
configure:4551: checking for random device
configure:4572: result: /dev/random
configure:4575: checking for /dev/random
configure:4590: result: yes
configure:4622: checking for arc4random
configure:4683: gcc -o conftest -g -O2   conftest.c  >&5
/tmp/ccuBuJ0J.o:(.data+0x0): undefined reference to `arc4random'
/tmp/ccuBuJ0J.o: In function `main':
/home/marcin/ClionProjects/myDig/bind_lib/configure:4675: undefined reference to `arc4random'
collect2: error: ld returned 1 exit status
configure:4686: $? = 1
configure: failed program was:
#line 4627 "configure"
#include "confdefs.h"
/* From autoconf 2.57 */
/* Define arc4random to an innocuous variant, in case <limits.h> declares arc4random.
   For example, HP-UX 11i <limits.h> declares gettimeofday.  */
#define arc4random innocuous_arc4random

/* System header to define __stub macros and hopefully few prototypes,
    which can conflict with char arc4random (); below.
    Prefer <limits.h> to <assert.h> if __STDC__ is defined, since
    <limits.h> exists even on freestanding compilers.  */

#ifdef __STDC__
# include <limits.h>
#else
# include <assert.h>
#endif

#undef arc4random

/* Override any gcc2 internal prototype to avoid an error.  */
#ifdef __cplusplus
extern "C"
{
#endif
/* We use char because int might match the return type of a gcc2
   builtin and then its argument prototype would still apply.  */
char arc4random ();
/* The GNU C library defines this for functions which it implements
    to always fail with ENOSYS.  Some functions are actually named
    something starting with __ and the normal name is an alias.  */
#if defined (__stub_arc4random) || defined (__stub___arc4random)
choke me
#else
char (*f) () = arc4random;
#endif
#ifdef __cplusplus
}
#endif

#ifdef F77_DUMMY_MAIN
#  ifdef __cplusplus
     extern "C"
#  endif
   int F77_DUMMY_MAIN() { return 1; }
#endif
int
main ()
{
return f != arc4random;
  ;
  return 0;
}
configure:4702: result: no
configure:4722: checking whether to build with thread support
configure:4796: result: no
configure:5924: checking for flockfile
configure:5985: gcc -o conftest -g -O2   conftest.c  >&5
configure:5988: $? = 0
configure:5991: test -s conftest
configure:5994: $? = 0
configure:6004: result: yes
configure:6013: checking for getc_unlocked
configure:6074: gcc -o conftest -g -O2   conftest.c  >&5
configure:6077: $? = 0
configure:6080: test -s conftest
configure:6083: $? = 0
configure:6093: result: yes
configure:6106: checking whether to build with threads
configure:6112: result: no
configure:6184: checking for catgets
configure:6245: gcc -o conftest -g -O2   conftest.c  >&5
configure:6248: $? = 0
configure:6251: test -s conftest
configure:6254: $? = 0
configure:6264: result: yes
configure:6289: checking for socket in -lsocket
configure:6322: gcc -o conftest -g -O2   conftest.c -lsocket   >&5
/usr/bin/ld: cannot find -lsocket
collect2: error: ld returned 1 exit status
configure:6325: $? = 1
configure: failed program was:
#line 6296 "configure"
#include "confdefs.h"

/* Override any gcc2 internal prototype to avoid an error.  */
#ifdef __cplusplus
extern "C"
#endif
/* We use char because int might match the return type of a gcc2
   builtin and then its argument prototype would still apply.  */
char socket ();
#ifdef F77_DUMMY_MAIN
#  ifdef __cplusplus
     extern "C"
#  endif
   int F77_DUMMY_MAIN() { return 1; }
#endif
int
main ()
{
socket ();
  ;
  return 0;
}
configure:6342: result: no
configure:6354: checking for inet_ntoa in -lnsl
configure:6387: gcc -o conftest -g -O2   conftest.c -lnsl   >&5
configure:6390: $? = 0
configure:6393: test -s conftest
configure:6396: $? = 0
configure:6407: result: yes
configure:6424: checking whether to use purify
configure:6487: result: no
configure:10684: checking for IPv6 structures
configure:10708: gcc -c -g -O2  conftest.c >&5
configure:10711: $? = 0
configure:10714: test -s conftest.o
configure:10717: $? = 0
configure:10719: result: yes
configure:10735: checking for Kame IPv6 support
configure:10759: result: no
configure:10835: checking for in6_addr
configure:10862: gcc -c -g -O2  conftest.c >&5
configure:10865: $? = 0
configure:10868: test -s conftest.o
configure:10871: $? = 0
configure:10873: result: yes
configure:10889: checking for in6addr_any
configure:10917: gcc -o conftest -g -O2   conftest.c -lnsl  >&5
configure:10920: $? = 0
configure:10923: test -s conftest
configure:10926: $? = 0
configure:10928: result: yes
configure:10942: checking for in6addr_loopback
configure:10970: gcc -o conftest -g -O2   conftest.c -lnsl  >&5
configure:10973: $? = 0
configure:10976: test -s conftest
configure:10979: $? = 0
configure:10981: result: yes
configure:10995: checking for sin6_scope_id in struct sockaddr_in6
configure:11022: gcc -c -g -O2  conftest.c >&5
configure:11025: $? = 0
configure:11028: test -s conftest.o
configure:11031: $? = 0
configure:11033: result: yes
configure:11046: checking for in6_pktinfo
configure:11073: gcc -c -g -O2  conftest.c >&5
configure: In function 'main':
configure:11065:20: error: storage size of 'xyzzy' isn't known
 main ()
                    ^
configure:11076: $? = 1
configure: failed program was:
#line 11048 "configure"
#include "confdefs.h"

#include <sys/types.h>
#include <sys/socket.h>
#include <netinet/in.h>



#ifdef F77_DUMMY_MAIN
#  ifdef __cplusplus
     extern "C"
#  endif
   int F77_DUMMY_MAIN() { return 1; }
#endif
int
main ()
{
struct in6_pktinfo xyzzy; return (0);
  ;
  return 0;
}
configure:11090: result: no -- disabling runtime ipv6 support
configure:11137: checking for inet_ntop with IPv6 support
configure:11156: gcc -o conftest -g -O2   conftest.c -lnsl  >&5
configure:11159: $? = 0
configure:11161: ./conftest
configure:11164: $? = 0
configure:11166: result: yes
configure:11188: checking for working inet_pton with IPv6 support
configure:11208: gcc -o conftest -g -O2   conftest.c -lnsl  >&5
configure:11211: $? = 0
configure:11213: ./conftest
configure:11216: $? = 0
configure:11218: result: yes
configure:11235: checking for inet_aton
configure:11259: gcc -o conftest -g -O2   conftest.c -lnsl  >&5
configure:11262: $? = 0
configure:11265: test -s conftest
configure:11268: $? = 0
configure:11270: result: yes
configure:11301: checking for sa_len in struct sockaddr
configure:11324: gcc -c -g -O2  conftest.c >&5
configure: In function 'main':
configure:11316:23: error: 'struct sockaddr' has no member named 'sa_len'
 main ()
                       ^
configure:11327: $? = 1
configure: failed program was:
#line 11303 "configure"
#include "confdefs.h"

#include <sys/types.h>
#include <sys/socket.h>
#ifdef F77_DUMMY_MAIN
#  ifdef __cplusplus
     extern "C"
#  endif
   int F77_DUMMY_MAIN() { return 1; }
#endif
int
main ()
{
struct sockaddr sa; sa.sa_len = 0; return (0);
  ;
  return 0;
}
configure:11342: result: no
configure:11354: checking for struct msghdr flavor
configure:11377: gcc -c -g -O2  conftest.c >&5
configure:11380: $? = 0
configure:11383: test -s conftest.o
configure:11386: $? = 0
configure:11388: result: 4.4BSD
configure:11404: checking for type in_port_t
configure:11427: gcc -c -g -O2  conftest.c >&5
configure:11430: $? = 0
configure:11433: test -s conftest.o
configure:11436: $? = 0
configure:11438: result: yes
configure:11454: checking for struct addrinfo
configure:11476: gcc -c -g -O2  conftest.c >&5
configure:11479: $? = 0
configure:11482: test -s conftest.o
configure:11485: $? = 0
configure:11487: result: yes
configure:11507: checking for struct rrsetinfo
configure:11529: gcc -c -g -O2  conftest.c >&5
configure: In function 'main':
configure:11521:18: error: storage size of 'r' isn't known
 main ()
                  ^
configure:11532: $? = 1
configure: failed program was:
#line 11509 "configure"
#include "confdefs.h"

#include <netdb.h>
#ifdef F77_DUMMY_MAIN
#  ifdef __cplusplus
     extern "C"
#  endif
   int F77_DUMMY_MAIN() { return 1; }
#endif
int
main ()
{
struct rrsetinfo r; return (0);
  ;
  return 0;
}
configure:11546: result: no
configure:11553: checking for int sethostent
configure:11575: gcc -c -g -O2  conftest.c >&5
configure: In function 'main':
configure:11567:9: error: void value not ignored as it ought to be
 main ()
         ^
configure:11578: $? = 1
configure: failed program was:
#line 11555 "configure"
#include "confdefs.h"

#include <netdb.h>
#ifdef F77_DUMMY_MAIN
#  ifdef __cplusplus
     extern "C"
#  endif
   int F77_DUMMY_MAIN() { return 1; }
#endif
int
main ()
{
int i = sethostent(0); return(0);
  ;
  return 0;
}
configure:11592: result: no
configure:11599: checking for int endhostent
configure:11621: gcc -c -g -O2  conftest.c >&5
configure: In function 'main':
configure:11613:9: error: void value not ignored as it ought to be
 main ()
         ^
configure:11624: $? = 1
configure: failed program was:
#line 11601 "configure"
#include "confdefs.h"

#include <netdb.h>
#ifdef F77_DUMMY_MAIN
#  ifdef __cplusplus
     extern "C"
#  endif
   int F77_DUMMY_MAIN() { return 1; }
#endif
int
main ()
{
int i = endhostent(); return(0);
  ;
  return 0;
}
configure:11638: result: no
configure:11645: checking for getnetbyaddr(in_addr_t, ...)
configure:11668: gcc -c -g -O2  conftest.c >&5
configure:11671: $? = 0
configure:11674: test -s conftest.o
configure:11677: $? = 0
configure:11679: result: yes
configure:11692: checking for int setnetent
configure:11714: gcc -c -g -O2  conftest.c >&5
configure: In function 'main':
configure:11706:9: error: void value not ignored as it ought to be
 main ()
         ^
configure:11717: $? = 1
configure: failed program was:
#line 11694 "configure"
#include "confdefs.h"

#include <netdb.h>
#ifdef F77_DUMMY_MAIN
#  ifdef __cplusplus
     extern "C"
#  endif
   int F77_DUMMY_MAIN() { return 1; }
#endif
int
main ()
{
int i = setnetent(0); return(0);
  ;
  return 0;
}
configure:11731: result: no
configure:11738: checking for int endnetent
configure:11760: gcc -c -g -O2  conftest.c >&5
configure: In function 'main':
configure:11752:9: error: void value not ignored as it ought to be
 main ()
         ^
configure:11763: $? = 1
configure: failed program was:
#line 11740 "configure"
#include "confdefs.h"

#include <netdb.h>
#ifdef F77_DUMMY_MAIN
#  ifdef __cplusplus
     extern "C"
#  endif
   int F77_DUMMY_MAIN() { return 1; }
#endif
int
main ()
{
int i = endnetent(); return(0);
  ;
  return 0;
}
configure:11777: result: no
configure:11784: checking for gethostbyaddr(const void *, size_t, ...)
configure:11807: gcc -c -g -O2  conftest.c >&5
configure:11789:17: error: conflicting types for 'gethostbyaddr'
 
                 ^
In file included from configure:11788:0:
/usr/include/netdb.h:137:24: note: previous declaration of 'gethostbyaddr' was here
 extern struct hostent *gethostbyaddr (const void *__addr, __socklen_t __len,
                        ^
configure:11810: $? = 1
configure: failed program was:
#line 11786 "configure"
#include "confdefs.h"

#include <netdb.h>
struct hostent *gethostbyaddr(const void *, size_t, int);
#ifdef F77_DUMMY_MAIN
#  ifdef __cplusplus
     extern "C"
#  endif
   int F77_DUMMY_MAIN() { return 1; }
#endif
int
main ()
{
return(0);
  ;
  return 0;
}
configure:11824: result: no
configure:11831: checking for h_errno in netdb.h
configure:11853: gcc -c -g -O2  conftest.c >&5
configure:11856: $? = 0
configure:11859: test -s conftest.o
configure:11862: $? = 0
configure:11864: result: yes
configure:11877: checking for getipnodebyname
configure:11938: gcc -o conftest -g -O2   conftest.c -lnsl  >&5
/tmp/cc0H4gnn.o:(.data+0x0): undefined reference to `getipnodebyname'
/tmp/cc0H4gnn.o: In function `main':
/home/marcin/ClionProjects/myDig/bind_lib/configure:11930: undefined reference to `getipnodebyname'
collect2: error: ld returned 1 exit status
configure:11941: $? = 1
configure: failed program was:
#line 11882 "configure"
#include "confdefs.h"
/* From autoconf 2.57 */
/* Define getipnodebyname to an innocuous variant, in case <limits.h> declares getipnodebyname.
   For example, HP-UX 11i <limits.h> declares gettimeofday.  */
#define getipnodebyname innocuous_getipnodebyname

/* System header to define __stub macros and hopefully few prototypes,
    which can conflict with char getipnodebyname (); below.
    Prefer <limits.h> to <assert.h> if __STDC__ is defined, since
    <limits.h> exists even on freestanding compilers.  */

#ifdef __STDC__
# include <limits.h>
#else
# include <assert.h>
#endif

#undef getipnodebyname

/* Override any gcc2 internal prototype to avoid an error.  */
#ifdef __cplusplus
extern "C"
{
#endif
/* We use char because int might match the return type of a gcc2
   builtin and then its argument prototype would still apply.  */
char getipnodebyname ();
/* The GNU C library defines this for functions which it implements
    to always fail with ENOSYS.  Some functions are actually named
    something starting with __ and the normal name is an alias.  */
#if defined (__stub_getipnodebyname) || defined (__stub___getipnodebyname)
choke me
#else
char (*f) () = getipnodebyname;
#endif
#ifdef __cplusplus
}
#endif

#ifdef F77_DUMMY_MAIN
#  ifdef __cplusplus
     extern "C"
#  endif
   int F77_DUMMY_MAIN() { return 1; }
#endif
int
main ()
{
return f != getipnodebyname;
  ;
  return 0;
}
configure:11957: result: no
configure:11965: checking for getnameinfo
configure:12026: gcc -o conftest -g -O2   conftest.c -lnsl  >&5
configure:12029: $? = 0
configure:12032: test -s conftest
configure:12035: $? = 0
configure:12045: result: yes
configure:12053: checking for getaddrinfo
configure:12114: gcc -o conftest -g -O2   conftest.c -lnsl  >&5
configure:12117: $? = 0
configure:12120: test -s conftest
configure:12123: $? = 0
configure:12133: result: yes
configure:12145: checking for gai_strerror
configure:12206: gcc -o conftest -g -O2   conftest.c -lnsl  >&5
configure:12209: $? = 0
configure:12212: test -s conftest
configure:12215: $? = 0
configure:12225: result: yes
configure:12243: checking for interface list sysctl
configure:12266: result: no
configure:12284: checking for correctly declared strsep()
configure:12305: gcc -o conftest -g -O2   conftest.c -lnsl  >&5
configure:12308: $? = 0
configure:12311: test -s conftest
configure:12314: $? = 0
configure:12316: result: yes
configure:12326: checking for vsnprintf
configure:12387: gcc -o conftest -g -O2   conftest.c -lnsl  >&5
configure:12357:6: warning: conflicting types for built-in function 'vsnprintf' [enabled by default]
 /* We use char because int might match the return type of a gcc2
      ^
configure:12390: $? = 0
configure:12393: test -s conftest
configure:12396: $? = 0
configure:12406: result: yes
configure:12418: checking for strerror
configure:12479: gcc -o conftest -g -O2   conftest.c -lnsl  >&5
configure:12482: $? = 0
configure:12485: test -s conftest
configure:12488: $? = 0
configure:12498: result: yes
configure:12518: checking printf format modifier for 64-bit integers
configure:12531: gcc -o conftest -g -O2   conftest.c -lnsl  >&5
configure: In function 'main':
configure:12526:10: warning: incompatible implicit declaration of built-in function 'exit' [enabled by default]
 #line $LINENO "configure"
          ^
configure:12534: $? = 0
configure:12536: ./conftest
configure:12539: $? = 0
configure:12541: result: l
configure:12560: checking for chroot
configure:12621: gcc -o conftest -g -O2   conftest.c -lnsl  >&5
configure:12624: $? = 0
configure:12627: test -s conftest
configure:12630: $? = 0
configure:12640: result: yes
configure:12670: checking linux/capability.h usability
configure:12679: gcc -c -g -O2  conftest.c >&5
configure:12682: $? = 0
configure:12685: test -s conftest.o
configure:12688: $? = 0
configure:12697: result: yes
configure:12701: checking linux/capability.h presence
configure:12708: gcc -E  conftest.c
configure:12714: $? = 0
configure:12732: result: yes
configure:12750: checking for linux/capability.h
configure:12757: result: yes
configure:12788: checking sys/prctl.h usability
configure:12797: gcc -c -g -O2  conftest.c >&5
configure:12800: $? = 0
configure:12803: test -s conftest.o
configure:12806: $? = 0
configure:12815: result: yes
configure:12819: checking sys/prctl.h presence
configure:12826: gcc -E  conftest.c
configure:12832: $? = 0
configure:12850: result: yes
configure:12868: checking for sys/prctl.h
configure:12875: result: yes
configure:12892: checking for type rlim_t
configure:12916: gcc -c -g -O2  conftest.c >&5
configure:12919: $? = 0
configure:12922: test -s conftest.o
configure:12925: $? = 0
configure:12927: result: yes
configure:13153: checking for openjade
configure:13186: result: no
configure:13204: checking for jadetex
configure:13237: result: no
configure:13251: checking for pdfjadetex
configure:13284: result: no
configure:13311: checking for catalog
configure:13326: result: "not found"
configure:13355: checking for html/docbook.dsl
configure:13370: result: "not found"
configure:13378: checking for print/docbook.dsl
configure:13393: result: "not found"
configure:13406: checking for docbook/dsssl/modular/dtds/decls/xml.dcl
configure:13421: result: "not found"
configure:13434: checking for docbook2X/docbook2man-spec.pl
configure:13449: result: "not found"
configure:13587: creating ./config.status

## ---------------------- ##
## Running config.status. ##
## ---------------------- ##

This file was extended by config.status, which was
generated by GNU Autoconf 2.53.  Invocation command line was

  CONFIG_FILES    = 
  CONFIG_HEADERS  = 
  CONFIG_LINKS    = 
  CONFIG_COMMANDS = 
  $ ./config.status 

on marcin-desktop

config.status:765: creating make/rules
config.status:765: creating make/includes
config.status:765: creating Makefile
config.status:765: creating make/Makefile
config.status:765: creating make/mkdep
config.status:765: creating lib/Makefile
config.status:765: creating lib/isc/Makefile
config.status:765: creating lib/isc/include/Makefile
config.status:765: creating lib/isc/include/isc/Makefile
config.status:765: creating lib/isc/include/isc/platform.h
config.status:765: creating lib/isc/unix/Makefile
config.status:765: creating lib/isc/unix/include/Makefile
config.status:765: creating lib/isc/unix/include/isc/Makefile
config.status:765: creating lib/isc/nls/Makefile
config.status:765: creating lib/isc/nothreads/Makefile
config.status:765: creating lib/isc/nothreads/include/Makefile
config.status:765: creating lib/isc/nothreads/include/isc/Makefile
config.status:765: creating lib/isccc/Makefile
config.status:765: creating lib/isccc/include/Makefile
config.status:765: creating lib/isccc/include/isccc/Makefile
config.status:765: creating lib/isccfg/Makefile
config.status:765: creating lib/isccfg/include/Makefile
config.status:765: creating lib/isccfg/include/isccfg/Makefile
config.status:765: creating lib/dns/Makefile
config.status:765: creating lib/dns/include/Makefile
config.status:765: creating lib/dns/include/dns/Makefile
config.status:765: creating lib/dns/sec/Makefile
config.status:765: creating lib/dns/sec/dst/Makefile
config.status:765: creating lib/dns/sec/dst/include/Makefile
config.status:765: creating lib/dns/sec/dst/include/dst/Makefile
config.status:765: creating lib/lwres/Makefile
config.status:765: creating lib/lwres/include/Makefile
config.status:765: creating lib/lwres/include/lwres/Makefile
config.status:765: creating lib/lwres/include/lwres/netdb.h
config.status:765: creating lib/lwres/include/lwres/platform.h
config.status:765: creating lib/lwres/man/Makefile
config.status:765: creating lib/lwres/unix/Makefile
config.status:765: creating lib/lwres/unix/include/Makefile
config.status:765: creating lib/lwres/unix/include/lwres/Makefile
config.status:765: creating lib/tests/Makefile
config.status:765: creating lib/tests/include/Makefile
config.status:765: creating lib/tests/include/tests/Makefile
config.status:765: creating bin/Makefile
config.status:765: creating bin/check/Makefile
config.status:765: creating bin/named/Makefile
config.status:765: creating bin/named/unix/Makefile
config.status:765: creating bin/rndc/Makefile
config.status:765: creating bin/rndc/unix/Makefile
config.status:765: creating bin/dig/Makefile
config.status:765: creating bin/nsupdate/Makefile
config.status:765: creating bin/tests/Makefile
config.status:765: creating bin/tests/names/Makefile
config.status:765: creating bin/tests/master/Makefile
config.status:765: creating bin/tests/rbt/Makefile
config.status:765: creating bin/tests/db/Makefile
config.status:765: creating bin/tests/tasks/Makefile
config.status:765: creating bin/tests/timers/Makefile
config.status:765: creating bin/tests/dst/Makefile
config.status:765: creating bin/tests/mem/Makefile
config.status:765: creating bin/tests/net/Makefile
config.status:765: creating bin/tests/sockaddr/Makefile
config.status:765: creating bin/tests/system/Makefile
config.status:765: creating bin/tests/system/conf.sh
config.status:765: creating bin/tests/system/lwresd/Makefile
config.status:765: creating bin/tests/system/tkey/Makefile
config.status:765: creating bin/tests/headerdep_test.sh
config.status:765: creating bin/dnssec/Makefile
config.status:765: creating doc/Makefile
config.status:765: creating doc/arm/Makefile
config.status:765: creating doc/arm/nominum-docbook-html.dsl
config.status:765: creating doc/arm/nominum-docbook-print.dsl
config.status:765: creating doc/arm/validate.sh
config.status:765: creating doc/misc/Makefile
config.status:765: creating docutil/docbook2man-wrapper.sh
config.status:765: creating isc-config.sh
config.status:869: creating config.h
config.status:1010: config.h is unchanged
configure:14761: configuring in lib/bind
configure:14840: running /bin/bash './configure' --prefix=/usr/local  --cache-file=/dev/null --srcdir=.

## ---------------- ##
## Cache variables. ##
## ---------------- ##

ac_cv_build=x86_64-unknown-linux-gnu
ac_cv_build_alias=x86_64-unknown-linux-gnu
ac_cv_c_bigendian=no
ac_cv_c_compiler_gnu=yes
ac_cv_c_const=yes
ac_cv_c_inline=inline
ac_cv_env_CC_set=
ac_cv_env_CC_value=
ac_cv_env_CFLAGS_set=
ac_cv_env_CFLAGS_value=
ac_cv_env_CPPFLAGS_set=
ac_cv_env_CPPFLAGS_value=
ac_cv_env_CPP_set=
ac_cv_env_CPP_value=
ac_cv_env_LDFLAGS_set=
ac_cv_env_LDFLAGS_value=
ac_cv_env_build_alias_set=
ac_cv_env_build_alias_value=
ac_cv_env_host_alias_set=
ac_cv_env_host_alias_value=
ac_cv_env_target_alias_set=
ac_cv_env_target_alias_value=
ac_cv_exeext=
ac_cv_file__dev_random=yes
ac_cv_func_arc4random=no
ac_cv_func_catgets=yes
ac_cv_func_chroot=yes
ac_cv_func_flockfile=yes
ac_cv_func_gai_strerror=yes
ac_cv_func_getaddrinfo=yes
ac_cv_func_getc_unlocked=yes
ac_cv_func_getipnodebyname=no
ac_cv_func_getnameinfo=yes
ac_cv_func_strerror=yes
ac_cv_func_sysctlbyname=no
ac_cv_func_vsnprintf=yes
ac_cv_header_fcntl_h=yes
ac_cv_header_inttypes_h=yes
ac_cv_header_linux_capability_h=yes
ac_cv_header_memory_h=yes
ac_cv_header_stdc=yes
ac_cv_header_stdint_h=yes
ac_cv_header_stdlib_h=yes
ac_cv_header_string_h=yes
ac_cv_header_strings_h=yes
ac_cv_header_sys_prctl_h=yes
ac_cv_header_sys_select_h=yes
ac_cv_header_sys_sockio_h=no
ac_cv_header_sys_stat_h=yes
ac_cv_header_sys_sysctl_h=yes
ac_cv_header_sys_time_h=yes
ac_cv_header_sys_types_h=yes
ac_cv_header_time=yes
ac_cv_header_unistd_h=yes
ac_cv_host=x86_64-unknown-linux-gnu
ac_cv_host_alias=x86_64-unknown-linux-gnu
ac_cv_lib_nsl_inet_ntoa=yes
ac_cv_lib_socket_socket=no
ac_cv_objext=o
ac_cv_path_AR=/usr/bin/ar
ac_cv_path_ETAGS=/usr/bin/etags
ac_cv_path_PERL=/usr/bin/perl
ac_cv_path_install='/usr/bin/install -c'
ac_cv_prog_CPP='gcc -E'
ac_cv_prog_ac_ct_CC=gcc
ac_cv_prog_ac_ct_RANLIB=ranlib
ac_cv_prog_cc_g=yes
ac_cv_prog_cc_stdc=
ac_cv_prog_make_make_set=yes
ac_cv_type_size_t=yes
ac_cv_type_ssize_t=yes
lt_cv_sys_path_separator=:

## ----------- ##
## confdefs.h. ##
## ----------- ##

#define PACKAGE_NAME ""
#define PACKAGE_TARNAME ""
#define PACKAGE_VERSION ""
#define PACKAGE_STRING ""
#define PACKAGE_BUGREPORT ""
#define STDC_HEADERS 1
#define HAVE_SYS_TYPES_H 1
#define HAVE_SYS_STAT_H 1
#define HAVE_STDLIB_H 1
#define HAVE_STRING_H 1
#define HAVE_MEMORY_H 1
#define HAVE_STRINGS_H 1
#define HAVE_INTTYPES_H 1
#define HAVE_STDINT_H 1
#define HAVE_UNISTD_H 1
#define HAVE_FCNTL_H 1
#define HAVE_SYS_TIME_H 1
#define HAVE_UNISTD_H 1
#define HAVE_SYS_SELECT_H 1
#define HAVE_SYS_SYSCTL_H 1
#define inline
#define TIME_WITH_SYS_TIME 1
#define PATH_RANDOMDEV "/dev/random"
#define HAVE_FLOCKFILE 1
#define HAVE_GETCUNLOCKED 1
#define HAVE_CATGETS 1
#define HAVE_LIBNSL 1
#define WANT_IPV6 1
#define HAVE_ADDRINFO 1
#define HAVE_GETADDRINFO 1
#define HAVE_GAISTRERROR 1
#define HAVE_STRERROR 1
#define HAVE_CHROOT 1
#define HAVE_LINUX_CAPABILITY_H 1
#define HAVE_SYS_PRCTL_H 1

configure: exit 0
