This file contains any messages produced by compilers while
running configure, to aid debugging if configure makes a mistake.

It was created by configure, which was
generated by GNU Autoconf 2.53.  Invocation command line was

  $ ./configure --prefix=/usr/local CFLAGS=-fPIC --cache-file=/dev/null --srcdir=.

## --------- ##
## Platform. ##
## --------- ##

hostname = ubuntu-512mb-ams2-01
uname -m = x86_64
uname -r = 3.13.0-71-generic
uname -s = Linux
uname -v = #114-Ubuntu SMP Tue Dec 1 02:34:22 UTC 2015

/usr/bin/uname -p = unknown
/bin/uname -X     = unknown

/bin/arch              = unknown
/usr/bin/arch -k       = unknown
/usr/convex/getsysinfo = unknown
hostinfo               = unknown
/bin/machine           = unknown
/usr/bin/oslevel       = unknown
/bin/universe          = unknown

PATH: /usr/local/sbin
PATH: /usr/local/bin
PATH: /usr/sbin
PATH: /usr/bin
PATH: /sbin
PATH: /bin


## ----------- ##
## Core tests. ##
## ----------- ##

configure:1402: checking build system type
configure:1420: result: x86_64-unknown-linux-gnu
configure:1428: checking host system type
configure:1442: result: x86_64-unknown-linux-gnu
configure:1451: checking whether make sets ${MAKE}
configure:1471: result: yes
configure:1521: checking for ranlib
configure:1537: found /usr/bin/ranlib
configure:1548: result: ranlib
configure:1572: checking for a BSD-compatible install
configure:1626: result: /usr/bin/install -c
configure:1645: checking for ar
configure:1663: found /usr/bin/ar
configure:1675: result: /usr/bin/ar
configure:1713: checking for etags
configure:1731: found /usr/bin/etags
configure:1743: result: /usr/bin/etags
configure:1759: checking for Exuberant Ctags etags
configure:1766: result: no
configure:1779: checking for perl5
configure:1812: result: no
configure:1779: checking for perl
configure:1797: found /usr/bin/perl
configure:1809: result: /usr/bin/perl
configure:1954: checking for gcc
configure:1970: found /usr/bin/gcc
configure:1980: result: gcc
configure:2224: checking for C compiler version
configure:2227: gcc --version </dev/null >&5
gcc (Ubuntu 5.4.0-6ubuntu1~16.04.2) 5.4.0 20160609
Copyright (C) 2015 Free Software Foundation, Inc.
This is free software; see the source for copying conditions.  There is NO
warranty; not even for MERCHANTABILITY or FITNESS FOR A PARTICULAR PURPOSE.

configure:2230: $? = 0
configure:2232: gcc -v </dev/null >&5
Using built-in specs.
COLLECT_GCC=gcc
COLLECT_LTO_WRAPPER=/usr/lib/gcc/x86_64-linux-gnu/5/lto-wrapper
Target: x86_64-linux-gnu
Configured with: ../src/configure -v --with-pkgversion='Ubuntu 5.4.0-6ubuntu1~16.04.2' --with-bugurl=file:///usr/share/doc/gcc-5/README.Bugs --enable-languages=c,ada,c++,java,go,d,fortran,objc,obj-c++ --prefix=/usr --program-suffix=-5 --enable-shared --enable-linker-build-id --libexecdir=/usr/lib --without-included-gettext --enable-threads=posix --libdir=/usr/lib --enable-nls --with-sysroot=/ --enable-clocale=gnu --enable-libstdcxx-debug --enable-libstdcxx-time=yes --with-default-libstdcxx-abi=new --enable-gnu-unique-object --disable-vtable-verify --enable-libmpx --enable-plugin --with-system-zlib --disable-browser-plugin --enable-java-awt=gtk --enable-gtk-cairo --with-java-home=/usr/lib/jvm/java-1.5.0-gcj-5-amd64/jre --enable-java-home --with-jvm-root-dir=/usr/lib/jvm/java-1.5.0-gcj-5-amd64 --with-jvm-jar-dir=/usr/lib/jvm-exports/java-1.5.0-gcj-5-amd64 --with-arch-directory=amd64 --with-ecj-jar=/usr/share/java/eclipse-ecj.jar --enable-objc-gc --enable-multiarch --disable-werror --with-arch-32=i686 --with-abi=m64 --with-multilib-list=m32,m64,mx32 --enable-multilib --with-tune=generic --enable-checking=release --build=x86_64-linux-gnu --host=x86_64-linux-gnu --target=x86_64-linux-gnu
Thread model: posix
gcc version 5.4.0 20160609 (Ubuntu 5.4.0-6ubuntu1~16.04.2) 
configure:2235: $? = 0
configure:2237: gcc -V </dev/null >&5
gcc: error: unrecognized command line option '-V'
gcc: fatal error: no input files
compilation terminated.
configure:2240: $? = 1
configure:2266: checking for C compiler default output
configure:2269: gcc -fPIC   conftest.c  >&5
configure:2272: $? = 0
configure:2305: result: a.out
configure:2310: checking whether the C compiler works
configure:2316: ./a.out
configure:2319: $? = 0
configure:2334: result: yes
configure:2341: checking whether we are cross compiling
configure:2343: result: no
configure:2346: checking for suffix of executables
configure:2348: gcc -o conftest -fPIC   conftest.c  >&5
configure:2351: $? = 0
configure:2373: result: 
configure:2379: checking for suffix of object files
configure:2403: gcc -c -fPIC  conftest.c >&5
configure:2406: $? = 0
configure:2425: result: o
configure:2429: checking whether we are using the GNU C compiler
configure:2456: gcc -c -fPIC  conftest.c >&5
configure:2459: $? = 0
configure:2462: test -s conftest.o
configure:2465: $? = 0
configure:2477: result: yes
configure:2483: checking whether gcc accepts -g
configure:2507: gcc -c -g  conftest.c >&5
configure:2510: $? = 0
configure:2513: test -s conftest.o
configure:2516: $? = 0
configure:2526: result: yes
configure:2553: gcc -c -fPIC  conftest.c >&5
conftest.c:2:3: error: unknown type name 'choke'
   choke me
   ^
conftest.c:2:3: error: expected '=', ',', ';', 'asm' or '__attribute__' at end of input
configure:2556: $? = 1
configure: failed program was:
#ifndef __cplusplus
  choke me
#endif
configure:2673: checking how to run the C preprocessor
configure:2699: gcc -E  conftest.c
configure:2705: $? = 0
configure:2732: gcc -E  conftest.c
configure:2728:28: fatal error: ac_nonexistent.h: No such file or directory
compilation terminated.
configure:2738: $? = 1
configure: failed program was:
#line 2727 "configure"
#include "confdefs.h"
#include <ac_nonexistent.h>
configure:2775: result: gcc -E
configure:2790: gcc -E  conftest.c
configure:2796: $? = 0
configure:2823: gcc -E  conftest.c
configure:2819:28: fatal error: ac_nonexistent.h: No such file or directory
compilation terminated.
configure:2829: $? = 1
configure: failed program was:
#line 2818 "configure"
#include "confdefs.h"
#include <ac_nonexistent.h>
configure:2869: checking for ANSI C header files
configure:2883: gcc -E  conftest.c
configure:2889: $? = 0
configure:2976: gcc -o conftest -fPIC   conftest.c  >&5
configure: In function 'main':
configure:2967:7: warning: implicit declaration of function 'exit' [-Wimplicit-function-declaration]
   int i;
       ^
configure:2967:7: warning: incompatible implicit declaration of built-in function 'exit'
configure:2967:7: note: include '<stdlib.h>' or provide a declaration of 'exit'
configure:2968:3: warning: incompatible implicit declaration of built-in function 'exit'
   for (i = 0; i < 256; i++)
   ^
configure:2968:3: note: include '<stdlib.h>' or provide a declaration of 'exit'
configure:2979: $? = 0
configure:2981: ./conftest
configure:2984: $? = 0
configure:2998: result: yes
configure:3024: checking for sys/types.h
configure:3037: gcc -c -fPIC  conftest.c >&5
configure:3040: $? = 0
configure:3043: test -s conftest.o
configure:3046: $? = 0
configure:3056: result: yes
configure:3024: checking for sys/stat.h
configure:3037: gcc -c -fPIC  conftest.c >&5
configure:3040: $? = 0
configure:3043: test -s conftest.o
configure:3046: $? = 0
configure:3056: result: yes
configure:3024: checking for stdlib.h
configure:3037: gcc -c -fPIC  conftest.c >&5
configure:3040: $? = 0
configure:3043: test -s conftest.o
configure:3046: $? = 0
configure:3056: result: yes
configure:3024: checking for string.h
configure:3037: gcc -c -fPIC  conftest.c >&5
configure:3040: $? = 0
configure:3043: test -s conftest.o
configure:3046: $? = 0
configure:3056: result: yes
configure:3024: checking for memory.h
configure:3037: gcc -c -fPIC  conftest.c >&5
configure:3040: $? = 0
configure:3043: test -s conftest.o
configure:3046: $? = 0
configure:3056: result: yes
configure:3024: checking for strings.h
configure:3037: gcc -c -fPIC  conftest.c >&5
configure:3040: $? = 0
configure:3043: test -s conftest.o
configure:3046: $? = 0
configure:3056: result: yes
configure:3024: checking for inttypes.h
configure:3037: gcc -c -fPIC  conftest.c >&5
configure:3040: $? = 0
configure:3043: test -s conftest.o
configure:3046: $? = 0
configure:3056: result: yes
configure:3024: checking for stdint.h
configure:3037: gcc -c -fPIC  conftest.c >&5
configure:3040: $? = 0
configure:3043: test -s conftest.o
configure:3046: $? = 0
configure:3056: result: yes
configure:3024: checking for unistd.h
configure:3037: gcc -c -fPIC  conftest.c >&5
configure:3040: $? = 0
configure:3043: test -s conftest.o
configure:3046: $? = 0
configure:3056: result: yes
configure:3089: checking fcntl.h usability
configure:3098: gcc -c -fPIC  conftest.c >&5
configure:3101: $? = 0
configure:3104: test -s conftest.o
configure:3107: $? = 0
configure:3116: result: yes
configure:3120: checking fcntl.h presence
configure:3127: gcc -E  conftest.c
configure:3133: $? = 0
configure:3151: result: yes
configure:3169: checking for fcntl.h
configure:3176: result: yes
configure:3089: checking db.h usability
configure:3098: gcc -c -fPIC  conftest.c >&5
configure:3126:16: fatal error: db.h: No such file or directory
compilation terminated.
configure:3101: $? = 1
configure: failed program was:
#line 3091 "configure"
#include "confdefs.h"
#include <stdio.h>
#if HAVE_SYS_TYPES_H
# include <sys/types.h>
#endif
#if HAVE_SYS_STAT_H
# include <sys/stat.h>
#endif
#if STDC_HEADERS
# include <stdlib.h>
# include <stddef.h>
#else
# if HAVE_STDLIB_H
#  include <stdlib.h>
# endif
#endif
#if HAVE_STRING_H
# if !STDC_HEADERS && HAVE_MEMORY_H
#  include <memory.h>
# endif
# include <string.h>
#endif
#if HAVE_STRINGS_H
# include <strings.h>
#endif
#if HAVE_INTTYPES_H
# include <inttypes.h>
#else
# if HAVE_STDINT_H
#  include <stdint.h>
# endif
#endif
#if HAVE_UNISTD_H
# include <unistd.h>
#endif
#include <db.h>
configure:3116: result: no
configure:3120: checking db.h presence
configure:3127: gcc -E  conftest.c
configure:3123:16: fatal error: db.h: No such file or directory
 #line $LINENO "configure"
                ^
compilation terminated.
configure:3133: $? = 1
configure: failed program was:
#line 3122 "configure"
#include "confdefs.h"
#include <db.h>
configure:3151: result: no
configure:3169: checking for db.h
configure:3176: result: no
configure:3089: checking paths.h usability
configure:3098: gcc -c -fPIC  conftest.c >&5
configure:3101: $? = 0
configure:3104: test -s conftest.o
configure:3107: $? = 0
configure:3116: result: yes
configure:3120: checking paths.h presence
configure:3127: gcc -E  conftest.c
configure:3133: $? = 0
configure:3151: result: yes
configure:3169: checking for paths.h
configure:3176: result: yes
configure:3089: checking sys/time.h usability
configure:3098: gcc -c -fPIC  conftest.c >&5
configure:3101: $? = 0
configure:3104: test -s conftest.o
configure:3107: $? = 0
configure:3116: result: yes
configure:3120: checking sys/time.h presence
configure:3127: gcc -E  conftest.c
configure:3133: $? = 0
configure:3151: result: yes
configure:3169: checking for sys/time.h
configure:3176: result: yes
configure:3080: checking for unistd.h
configure:3085: result: yes
configure:3089: checking sys/sockio.h usability
configure:3098: gcc -c -fPIC  conftest.c >&5
configure:3126:24: fatal error: sys/sockio.h: No such file or directory
compilation terminated.
configure:3101: $? = 1
configure: failed program was:
#line 3091 "configure"
#include "confdefs.h"
#include <stdio.h>
#if HAVE_SYS_TYPES_H
# include <sys/types.h>
#endif
#if HAVE_SYS_STAT_H
# include <sys/stat.h>
#endif
#if STDC_HEADERS
# include <stdlib.h>
# include <stddef.h>
#else
# if HAVE_STDLIB_H
#  include <stdlib.h>
# endif
#endif
#if HAVE_STRING_H
# if !STDC_HEADERS && HAVE_MEMORY_H
#  include <memory.h>
# endif
# include <string.h>
#endif
#if HAVE_STRINGS_H
# include <strings.h>
#endif
#if HAVE_INTTYPES_H
# include <inttypes.h>
#else
# if HAVE_STDINT_H
#  include <stdint.h>
# endif
#endif
#if HAVE_UNISTD_H
# include <unistd.h>
#endif
#include <sys/sockio.h>
configure:3116: result: no
configure:3120: checking sys/sockio.h presence
configure:3127: gcc -E  conftest.c
configure:3123:24: fatal error: sys/sockio.h: No such file or directory
 #line $LINENO "configure"
                        ^
compilation terminated.
configure:3133: $? = 1
configure: failed program was:
#line 3122 "configure"
#include "confdefs.h"
#include <sys/sockio.h>
configure:3151: result: no
configure:3169: checking for sys/sockio.h
configure:3176: result: no
configure:3089: checking sys/select.h usability
configure:3098: gcc -c -fPIC  conftest.c >&5
configure:3101: $? = 0
configure:3104: test -s conftest.o
configure:3107: $? = 0
configure:3116: result: yes
configure:3120: checking sys/select.h presence
configure:3127: gcc -E  conftest.c
configure:3133: $? = 0
configure:3151: result: yes
configure:3169: checking for sys/select.h
configure:3176: result: yes
configure:3089: checking sys/timers.h usability
configure:3098: gcc -c -fPIC  conftest.c >&5
configure:3126:24: fatal error: sys/timers.h: No such file or directory
compilation terminated.
configure:3101: $? = 1
configure: failed program was:
#line 3091 "configure"
#include "confdefs.h"
#include <stdio.h>
#if HAVE_SYS_TYPES_H
# include <sys/types.h>
#endif
#if HAVE_SYS_STAT_H
# include <sys/stat.h>
#endif
#if STDC_HEADERS
# include <stdlib.h>
# include <stddef.h>
#else
# if HAVE_STDLIB_H
#  include <stdlib.h>
# endif
#endif
#if HAVE_STRING_H
# if !STDC_HEADERS && HAVE_MEMORY_H
#  include <memory.h>
# endif
# include <string.h>
#endif
#if HAVE_STRINGS_H
# include <strings.h>
#endif
#if HAVE_INTTYPES_H
# include <inttypes.h>
#else
# if HAVE_STDINT_H
#  include <stdint.h>
# endif
#endif
#if HAVE_UNISTD_H
# include <unistd.h>
#endif
#include <sys/timers.h>
configure:3116: result: no
configure:3120: checking sys/timers.h presence
configure:3127: gcc -E  conftest.c
configure:3123:24: fatal error: sys/timers.h: No such file or directory
 #line $LINENO "configure"
                        ^
compilation terminated.
configure:3133: $? = 1
configure: failed program was:
#line 3122 "configure"
#include "confdefs.h"
#include <sys/timers.h>
configure:3151: result: no
configure:3169: checking for sys/timers.h
configure:3176: result: no
configure:3191: checking for gcc option to accept ANSI C
configure:3254: gcc  -c -fPIC  conftest.c >&5
configure:3257: $? = 0
configure:3260: test -s conftest.o
configure:3263: $? = 0
configure:3280: result: none needed
configure:3288: checking for an ANSI C-conforming const
configure:3358: gcc -c -fPIC  conftest.c >&5
configure:3361: $? = 0
configure:3364: test -s conftest.o
configure:3367: $? = 0
configure:3377: result: yes
configure:3387: checking for inline
configure:3404: gcc -c -fPIC  conftest.c >&5
configure:3407: $? = 0
configure:3410: test -s conftest.o
configure:3413: $? = 0
configure:3424: result: inline
configure:3439: checking for size_t
configure:3466: gcc -c -fPIC  conftest.c >&5
configure:3469: $? = 0
configure:3472: test -s conftest.o
configure:3475: $? = 0
configure:3485: result: yes
configure:3497: checking whether time.h and sys/time.h may both be included
configure:3525: gcc -c -fPIC  conftest.c >&5
configure:3528: $? = 0
configure:3531: test -s conftest.o
configure:3534: $? = 0
configure:3544: result: yes
configure:3559: checking if unistd.h defines fd_set
configure:3581: gcc -c -fPIC  conftest.c >&5
configure: In function 'main':
configure:3573:1: error: unknown type name 'fd_set'
 main ()
 ^
configure:3584: $? = 1
configure: failed program was:
#line 3561 "configure"
#include "confdefs.h"

#include <unistd.h>
#ifdef F77_DUMMY_MAIN
#  ifdef __cplusplus
     extern "C"
#  endif
   int F77_DUMMY_MAIN() { return 1; }
#endif
int
main ()
{
fd_set read_set; return (0);
  ;
  return 0;
}
configure:3599: result: no
configure:3633: checking whether byte ordering is bigendian
configure:3663: gcc -c -fPIC  conftest.c >&5
configure:3666: $? = 0
configure:3669: test -s conftest.o
configure:3672: $? = 0
configure:3699: gcc -c -fPIC  conftest.c >&5
configure: In function 'main':
configure:3689:2: error: unknown type name 'not'
configure:3689:10: error: expected '=', ',', ';', 'asm' or '__attribute__' before 'endian'
configure:3702: $? = 1
configure: failed program was:
#line 3675 "configure"
#include "confdefs.h"
#include <sys/types.h>
#include <sys/param.h>

#ifdef F77_DUMMY_MAIN
#  ifdef __cplusplus
     extern "C"
#  endif
   int F77_DUMMY_MAIN() { return 1; }
#endif
int
main ()
{
#if BYTE_ORDER != BIG_ENDIAN
 not big endian
#endif

  ;
  return 0;
}
configure:3816: result: no
configure:3921: gcc -o conftest -fPIC   conftest.c  >&5
configure:3915:1: warning: return type defaults to 'int' [-Wimplicit-int]
 int have_db_h = 0;
 ^
configure:3924: $? = 0
configure:3926: ./conftest
configure:3929: $? = 1
configure: program exited with status 1
configure: failed program was:
#line 3908 "configure"
#include "confdefs.h"

#ifdef HAVE_DB_H
int have_db_h = 1;
#else
int have_db_h = 0;
#endif
main() { return(!have_db_h); }

configure:3948: checking for random device
configure:3969: result: /dev/random
configure:3972: checking for /dev/random
configure:3987: result: yes
configure:4017: checking whether to look for thread support
configure:4026: result: yes
configure:4101: checking for pthread_create in -lpthread
configure:4134: gcc -o conftest -fPIC   conftest.c -lpthread   >&5
configure:4137: $? = 0
configure:4140: test -s conftest
configure:4143: $? = 0
configure:4154: result: yes
configure:4440: checking for sigwait in -lc
configure:4473: gcc -o conftest -fPIC   conftest.c -lc  -lpthread  >&5
configure:4476: $? = 0
configure:4479: test -s conftest
configure:4482: $? = 0
configure:4493: result: yes
configure:4630: checking for pthread_attr_getstacksize
configure:4691: gcc -o conftest -fPIC   conftest.c -lpthread  >&5
configure:4694: $? = 0
configure:4697: test -s conftest
configure:4700: $? = 0
configure:4710: result: yes
configure:4947: checking for sysconf
configure:5008: gcc -o conftest -fPIC   conftest.c -lpthread  >&5
configure:5011: $? = 0
configure:5014: test -s conftest
configure:5017: $? = 0
configure:5027: result: yes
configure:5089: checking for strlcat
configure:5150: gcc -o conftest -fPIC   conftest.c -lpthread  >&5
/tmp/cckRxGB0.o: In function `main':
conftest.c:(.text+0x11): undefined reference to `strlcat'
/tmp/cckRxGB0.o:(.data.rel+0x0): undefined reference to `strlcat'
collect2: error: ld returned 1 exit status
configure:5153: $? = 1
configure: failed program was:
#line 5094 "configure"
#include "confdefs.h"
/* From autoconf 2.57 */
/* Define strlcat to an innocuous variant, in case <limits.h> declares strlcat.
   For example, HP-UX 11i <limits.h> declares gettimeofday.  */
#define strlcat innocuous_strlcat

/* System header to define __stub macros and hopefully few prototypes,
    which can conflict with char strlcat (); below.
    Prefer <limits.h> to <assert.h> if __STDC__ is defined, since
    <limits.h> exists even on freestanding compilers.  */

#ifdef __STDC__
# include <limits.h>
#else
# include <assert.h>
#endif

#undef strlcat

/* Override any gcc2 internal prototype to avoid an error.  */
#ifdef __cplusplus
extern "C"
{
#endif
/* We use char because int might match the return type of a gcc2
   builtin and then its argument prototype would still apply.  */
char strlcat ();
/* The GNU C library defines this for functions which it implements
    to always fail with ENOSYS.  Some functions are actually named
    something starting with __ and the normal name is an alias.  */
#if defined (__stub_strlcat) || defined (__stub___strlcat)
choke me
#else
char (*f) () = strlcat;
#endif
#ifdef __cplusplus
}
#endif

#ifdef F77_DUMMY_MAIN
#  ifdef __cplusplus
     extern "C"
#  endif
   int F77_DUMMY_MAIN() { return 1; }
#endif
int
main ()
{
return f != strlcat;
  ;
  return 0;
}
configure:5169: result: no
configure:5188: checking for daemon
configure:5249: gcc -o conftest -fPIC   conftest.c -lpthread  >&5
configure:5252: $? = 0
configure:5255: test -s conftest
configure:5258: $? = 0
configure:5268: result: yes
configure:5281: checking for strsep
configure:5342: gcc -o conftest -fPIC   conftest.c -lpthread  >&5
configure:5345: $? = 0
configure:5348: test -s conftest
configure:5351: $? = 0
configure:5361: result: yes
configure:5374: checking for strerror
configure:5435: gcc -o conftest -fPIC   conftest.c -lpthread  >&5
configure:5438: $? = 0
configure:5441: test -s conftest
configure:5444: $? = 0
configure:5454: result: yes
configure:5468: checking for flockfile
configure:5529: gcc -o conftest -fPIC   conftest.c -lpthread  >&5
configure:5532: $? = 0
configure:5535: test -s conftest
configure:5538: $? = 0
configure:5548: result: yes
configure:5561: checking whether to build with threads
configure:5564: result: yes
configure:5649: checking for catgets
configure:5710: gcc -o conftest -fPIC   conftest.c -lpthread  >&5
configure:5713: $? = 0
configure:5716: test -s conftest
configure:5719: $? = 0
configure:5729: result: yes
configure:5754: checking for gethostbyname_r in -ld4r
configure:5787: gcc -o conftest -fPIC   conftest.c -ld4r  -lpthread  >&5
/usr/bin/ld: cannot find -ld4r
collect2: error: ld returned 1 exit status
configure:5790: $? = 1
configure: failed program was:
#line 5761 "configure"
#include "confdefs.h"

/* Override any gcc2 internal prototype to avoid an error.  */
#ifdef __cplusplus
extern "C"
#endif
/* We use char because int might match the return type of a gcc2
   builtin and then its argument prototype would still apply.  */
char gethostbyname_r ();
#ifdef F77_DUMMY_MAIN
#  ifdef __cplusplus
     extern "C"
#  endif
   int F77_DUMMY_MAIN() { return 1; }
#endif
int
main ()
{
gethostbyname_r ();
  ;
  return 0;
}
configure:5807: result: no
configure:5819: checking for socket in -lsocket
configure:5852: gcc -o conftest -fPIC   conftest.c -lsocket  -lpthread  >&5
/usr/bin/ld: cannot find -lsocket
collect2: error: ld returned 1 exit status
configure:5855: $? = 1
configure: failed program was:
#line 5826 "configure"
#include "confdefs.h"

/* Override any gcc2 internal prototype to avoid an error.  */
#ifdef __cplusplus
extern "C"
#endif
/* We use char because int might match the return type of a gcc2
   builtin and then its argument prototype would still apply.  */
char socket ();
#ifdef F77_DUMMY_MAIN
#  ifdef __cplusplus
     extern "C"
#  endif
   int F77_DUMMY_MAIN() { return 1; }
#endif
int
main ()
{
socket ();
  ;
  return 0;
}
configure:5872: result: no
configure:5884: checking for inet_ntoa in -lnsl
configure:5917: gcc -o conftest -fPIC   conftest.c -lnsl  -lpthread  >&5
configure:5920: $? = 0
configure:5923: test -s conftest
configure:5926: $? = 0
configure:5937: result: yes
configure:5954: checking whether to use purify
configure:6017: result: no
configure:10196: checking for IPv6 structures
configure:10220: gcc -c -fPIC  conftest.c >&5
configure:10223: $? = 0
configure:10226: test -s conftest.o
configure:10229: $? = 0
configure:10231: result: yes
configure:10247: checking for Kame IPv6 support
configure:10271: result: no
configure:10341: checking for in6_addr
configure:10368: gcc -c -fPIC  conftest.c >&5
configure:10371: $? = 0
configure:10374: test -s conftest.o
configure:10377: $? = 0
configure:10379: result: yes
configure:10393: checking for in6addr_any
configure:10421: gcc -o conftest -fPIC   conftest.c -lnsl -lpthread  >&5
configure:10424: $? = 0
configure:10427: test -s conftest
configure:10430: $? = 0
configure:10432: result: yes
configure:10444: checking for sin6_scope_id in struct sockaddr_in6
configure:10471: gcc -c -fPIC  conftest.c >&5
configure:10474: $? = 0
configure:10477: test -s conftest.o
configure:10480: $? = 0
configure:10482: result: yes
configure:10495: checking for in6_pktinfo
configure:10522: gcc -c -fPIC  conftest.c >&5
configure: In function 'main':
configure:10514:20: error: storage size of 'xyzzy' isn't known
configure:10525: $? = 1
configure: failed program was:
#line 10497 "configure"
#include "confdefs.h"

#include <sys/types.h>
#include <sys/socket.h>
#include <netinet/in.h>



#ifdef F77_DUMMY_MAIN
#  ifdef __cplusplus
     extern "C"
#  endif
   int F77_DUMMY_MAIN() { return 1; }
#endif
int
main ()
{
struct in6_pktinfo xyzzy; return (0);
  ;
  return 0;
}
configure:10539: result: no -- disabling runtime ipv6 support
configure:10545: checking for sockaddr_storage
configure:10572: gcc -c -fPIC  conftest.c >&5
configure:10575: $? = 0
configure:10578: test -s conftest.o
configure:10581: $? = 0
configure:10583: result: yes
configure:10628: checking for inet_ntop
configure:10652: gcc -o conftest -fPIC   conftest.c -lnsl -lpthread  >&5
configure:10655: $? = 0
configure:10658: test -s conftest
configure:10661: $? = 0
configure:10663: result: yes
configure:10676: checking for inet_pton
configure:10700: gcc -o conftest -fPIC   conftest.c -lnsl -lpthread  >&5
configure:10703: $? = 0
configure:10706: test -s conftest
configure:10709: $? = 0
configure:10711: result: yes
configure:10724: checking for inet_aton
configure:10748: gcc -o conftest -fPIC   conftest.c -lnsl -lpthread  >&5
configure:10751: $? = 0
configure:10754: test -s conftest
configure:10757: $? = 0
configure:10759: result: yes
configure:10790: checking for sa_len in struct sockaddr
configure:10813: gcc -c -fPIC  conftest.c >&5
configure: In function 'main':
configure:10805:23: error: 'struct sockaddr' has no member named 'sa_len'
configure:10816: $? = 1
configure: failed program was:
#line 10792 "configure"
#include "confdefs.h"

#include <sys/types.h>
#include <sys/socket.h>
#ifdef F77_DUMMY_MAIN
#  ifdef __cplusplus
     extern "C"
#  endif
   int F77_DUMMY_MAIN() { return 1; }
#endif
int
main ()
{
struct sockaddr sa; sa.sa_len = 0; return (0);
  ;
  return 0;
}
configure:10830: result: no
configure:10914: checking for struct msghdr flavor
configure:10937: gcc -c -fPIC  conftest.c >&5
configure:10940: $? = 0
configure:10943: test -s conftest.o
configure:10946: $? = 0
configure:10948: result: 4.4BSD
configure:10964: checking for type in_port_t
configure:10987: gcc -c -fPIC  conftest.c >&5
configure:10990: $? = 0
configure:10993: test -s conftest.o
configure:10996: $? = 0
configure:10998: result: yes
configure:11014: checking for struct addrinfo
configure:11036: gcc -c -fPIC  conftest.c >&5
configure:11039: $? = 0
configure:11042: test -s conftest.o
configure:11045: $? = 0
configure:11047: result: yes
configure:11061: checking for int sethostent
configure:11083: gcc -c -fPIC  conftest.c >&5
configure: In function 'main':
configure:11075:9: error: void value not ignored as it ought to be
configure:11086: $? = 1
configure: failed program was:
#line 11063 "configure"
#include "confdefs.h"

#include <netdb.h>
#ifdef F77_DUMMY_MAIN
#  ifdef __cplusplus
     extern "C"
#  endif
   int F77_DUMMY_MAIN() { return 1; }
#endif
int
main ()
{
int i = sethostent(0); return(0);
  ;
  return 0;
}
configure:11099: result: no
configure:11104: checking for int endhostent
configure:11126: gcc -c -fPIC  conftest.c >&5
configure: In function 'main':
configure:11118:9: error: void value not ignored as it ought to be
configure:11129: $? = 1
configure: failed program was:
#line 11106 "configure"
#include "confdefs.h"

#include <netdb.h>
#ifdef F77_DUMMY_MAIN
#  ifdef __cplusplus
     extern "C"
#  endif
   int F77_DUMMY_MAIN() { return 1; }
#endif
int
main ()
{
int i = endhostent(); return(0);
  ;
  return 0;
}
configure:11143: result: no
configure:11150: checking for int setnetent
configure:11172: gcc -c -fPIC  conftest.c >&5
configure: In function 'main':
configure:11164:9: error: void value not ignored as it ought to be
configure:11175: $? = 1
configure: failed program was:
#line 11152 "configure"
#include "confdefs.h"

#include <netdb.h>
#ifdef F77_DUMMY_MAIN
#  ifdef __cplusplus
     extern "C"
#  endif
   int F77_DUMMY_MAIN() { return 1; }
#endif
int
main ()
{
int i = setnetent(0); return(0);
  ;
  return 0;
}
configure:11189: result: no
configure:11196: checking for int endnetent
configure:11218: gcc -c -fPIC  conftest.c >&5
configure: In function 'main':
configure:11210:9: error: void value not ignored as it ought to be
configure:11221: $? = 1
configure: failed program was:
#line 11198 "configure"
#include "confdefs.h"

#include <netdb.h>
#ifdef F77_DUMMY_MAIN
#  ifdef __cplusplus
     extern "C"
#  endif
   int F77_DUMMY_MAIN() { return 1; }
#endif
int
main ()
{
int i = endnetent(); return(0);
  ;
  return 0;
}
configure:11235: result: no
configure:11242: checking for gethostbyaddr(const void *, size_t, ...)
configure:11265: gcc -c -fPIC  conftest.c >&5
configure:11247:17: error: conflicting types for 'gethostbyaddr'
In file included from configure:11246:0:
/usr/include/netdb.h:137:24: note: previous declaration of 'gethostbyaddr' was here
 extern struct hostent *gethostbyaddr (const void *__addr, __socklen_t __len,
                        ^
configure:11268: $? = 1
configure: failed program was:
#line 11244 "configure"
#include "confdefs.h"

#include <netdb.h>
struct hostent *gethostbyaddr(const void *, size_t, int);
#ifdef F77_DUMMY_MAIN
#  ifdef __cplusplus
     extern "C"
#  endif
   int F77_DUMMY_MAIN() { return 1; }
#endif
int
main ()
{
return(0);
  ;
  return 0;
}
configure:11282: result: no
configure:11289: checking for h_errno in netdb.h
configure:11311: gcc -c -fPIC  conftest.c >&5
configure:11314: $? = 0
configure:11317: test -s conftest.o
configure:11320: $? = 0
configure:11322: result: yes
configure:11335: checking for getipnodebyname
configure:11396: gcc -o conftest -fPIC   conftest.c -lnsl -lpthread  >&5
/tmp/ccVeVX8a.o: In function `main':
conftest.c:(.text+0x11): undefined reference to `getipnodebyname'
/tmp/ccVeVX8a.o:(.data.rel+0x0): undefined reference to `getipnodebyname'
collect2: error: ld returned 1 exit status
configure:11399: $? = 1
configure: failed program was:
#line 11340 "configure"
#include "confdefs.h"
/* From autoconf 2.57 */
/* Define getipnodebyname to an innocuous variant, in case <limits.h> declares getipnodebyname.
   For example, HP-UX 11i <limits.h> declares gettimeofday.  */
#define getipnodebyname innocuous_getipnodebyname

/* System header to define __stub macros and hopefully few prototypes,
    which can conflict with char getipnodebyname (); below.
    Prefer <limits.h> to <assert.h> if __STDC__ is defined, since
    <limits.h> exists even on freestanding compilers.  */

#ifdef __STDC__
# include <limits.h>
#else
# include <assert.h>
#endif

#undef getipnodebyname

/* Override any gcc2 internal prototype to avoid an error.  */
#ifdef __cplusplus
extern "C"
{
#endif
/* We use char because int might match the return type of a gcc2
   builtin and then its argument prototype would still apply.  */
char getipnodebyname ();
/* The GNU C library defines this for functions which it implements
    to always fail with ENOSYS.  Some functions are actually named
    something starting with __ and the normal name is an alias.  */
#if defined (__stub_getipnodebyname) || defined (__stub___getipnodebyname)
choke me
#else
char (*f) () = getipnodebyname;
#endif
#ifdef __cplusplus
}
#endif

#ifdef F77_DUMMY_MAIN
#  ifdef __cplusplus
     extern "C"
#  endif
   int F77_DUMMY_MAIN() { return 1; }
#endif
int
main ()
{
return f != getipnodebyname;
  ;
  return 0;
}
configure:11415: result: no
configure:11423: checking for getnameinfo
configure:11484: gcc -o conftest -fPIC   conftest.c -lnsl -lpthread  >&5
configure:11487: $? = 0
configure:11490: test -s conftest
configure:11493: $? = 0
configure:11503: result: yes
configure:11511: checking for getaddrinfo
configure:11572: gcc -o conftest -fPIC   conftest.c -lnsl -lpthread  >&5
configure:11575: $? = 0
configure:11578: test -s conftest
configure:11581: $? = 0
configure:11591: result: yes
configure:11603: checking for gai_strerror
configure:11664: gcc -o conftest -fPIC   conftest.c -lnsl -lpthread  >&5
configure:11667: $? = 0
configure:11670: test -s conftest
configure:11673: $? = 0
configure:11683: result: yes
configure:11695: checking for pselect
configure:11756: gcc -o conftest -fPIC   conftest.c -lnsl -lpthread  >&5
configure:11759: $? = 0
configure:11762: test -s conftest
configure:11765: $? = 0
configure:11775: result: yes
configure:11784: checking for gettimeofday
configure:11845: gcc -o conftest -fPIC   conftest.c -lnsl -lpthread  >&5
configure:11848: $? = 0
configure:11851: test -s conftest
configure:11854: $? = 0
configure:11864: result: yes
configure:11873: checking for strndup
configure:11934: gcc -o conftest -fPIC   conftest.c -lnsl -lpthread  >&5
configure:11904:6: warning: conflicting types for built-in function 'strndup'
 /* We use char because int might match the return type of a gcc2
      ^
configure:11937: $? = 0
configure:11940: test -s conftest
configure:11943: $? = 0
configure:11953: result: yes
configure:11966: checking for interface list sysctl
configure:11989: result: no
configure:11998: checking for strsep
configure:12078: result: yes
configure:12086: checking for vsnprintf
configure:12147: gcc -o conftest -fPIC   conftest.c -lnsl -lpthread  >&5
configure:12117:6: warning: conflicting types for built-in function 'vsnprintf'
 /* We use char because int might match the return type of a gcc2
      ^
configure:12150: $? = 0
configure:12153: test -s conftest
configure:12156: $? = 0
configure:12166: result: yes
configure:12181: checking for strerror
configure:12261: result: yes
configure:12278: checking printf format modifier for 64-bit integers
configure:12291: gcc -o conftest -fPIC   conftest.c -lnsl -lpthread  >&5
configure:12286:1: warning: return type defaults to 'int' [-Wimplicit-int]
 #line $LINENO "configure"
 ^
configure: In function 'main':
configure:12286:10: warning: implicit declaration of function 'exit' [-Wimplicit-function-declaration]
 #line $LINENO "configure"
          ^
configure:12286:10: warning: incompatible implicit declaration of built-in function 'exit'
configure:12286:10: note: include '<stdlib.h>' or provide a declaration of 'exit'
configure:12294: $? = 0
configure:12296: ./conftest
configure:12299: $? = 0
configure:12301: result: l
configure:12320: checking for chroot
configure:12381: gcc -o conftest -fPIC   conftest.c -lnsl -lpthread  >&5
configure:12384: $? = 0
configure:12387: test -s conftest
configure:12390: $? = 0
configure:12400: result: yes
configure:12413: checking for socket length type
configure:12438: gcc -c -fPIC  conftest.c >&5
configure:12441: $? = 0
configure:12444: test -s conftest.o
configure:12447: $? = 0
configure:12450: result: socklen_t
configure:12593: checking for getgrouplist
configure:12654: gcc -o conftest -fPIC   conftest.c -lnsl -lpthread  >&5
configure:12657: $? = 0
configure:12660: test -s conftest
configure:12663: $? = 0
configure:12673: result: yes
configure:12699: gcc -c -fPIC  conftest.c >&5
configure:12702: $? = 0
configure:12705: test -s conftest.o
configure:12708: $? = 0
configure:12730: checking for setgroupent
configure:12791: gcc -o conftest -fPIC   conftest.c -lnsl -lpthread  >&5
/tmp/ccZnrEPM.o: In function `main':
conftest.c:(.text+0x11): undefined reference to `setgroupent'
/tmp/ccZnrEPM.o:(.data.rel+0x0): undefined reference to `setgroupent'
collect2: error: ld returned 1 exit status
configure:12794: $? = 1
configure: failed program was:
#line 12735 "configure"
#include "confdefs.h"
/* From autoconf 2.57 */
/* Define setgroupent to an innocuous variant, in case <limits.h> declares setgroupent.
   For example, HP-UX 11i <limits.h> declares gettimeofday.  */
#define setgroupent innocuous_setgroupent

/* System header to define __stub macros and hopefully few prototypes,
    which can conflict with char setgroupent (); below.
    Prefer <limits.h> to <assert.h> if __STDC__ is defined, since
    <limits.h> exists even on freestanding compilers.  */

#ifdef __STDC__
# include <limits.h>
#else
# include <assert.h>
#endif

#undef setgroupent

/* Override any gcc2 internal prototype to avoid an error.  */
#ifdef __cplusplus
extern "C"
{
#endif
/* We use char because int might match the return type of a gcc2
   builtin and then its argument prototype would still apply.  */
char setgroupent ();
/* The GNU C library defines this for functions which it implements
    to always fail with ENOSYS.  Some functions are actually named
    something starting with __ and the normal name is an alias.  */
#if defined (__stub_setgroupent) || defined (__stub___setgroupent)
choke me
#else
char (*f) () = setgroupent;
#endif
#ifdef __cplusplus
}
#endif

#ifdef F77_DUMMY_MAIN
#  ifdef __cplusplus
     extern "C"
#  endif
   int F77_DUMMY_MAIN() { return 1; }
#endif
int
main ()
{
return f != setgroupent;
  ;
  return 0;
}
configure:12810: result: no
configure:12822: checking for getnetbyaddr_r
configure:12883: gcc -o conftest -fPIC   conftest.c -lnsl -lpthread  >&5
configure:12886: $? = 0
configure:12889: test -s conftest
configure:12892: $? = 0
configure:12902: result: yes
configure:12934: gcc -c -fPIC  conftest.c >&5
configure:12914:1: error: conflicting types for 'getnetbyaddr_r'
 #include <netdb.h>
 ^
In file included from configure:12912:0:
/usr/include/netdb.h:242:12: note: previous declaration of 'getnetbyaddr_r' was here
 extern int getnetbyaddr_r (uint32_t __net, int __type,
            ^
configure:12937: $? = 1
configure: failed program was:
#line 12905 "configure"
#include "confdefs.h"

#undef _REENTRANT
#define _REENTRANT
#define _OSF_SOURCE
#undef __USE_MISC
#define __USE_MISC
#include <netdb.h>
struct netent *
getnetbyaddr_r(long net, int type, struct netent *result, char *buffer,
int buflen) {}

#ifdef F77_DUMMY_MAIN
#  ifdef __cplusplus
     extern "C"
#  endif
   int F77_DUMMY_MAIN() { return 1; }
#endif
int
main ()
{
return (0)
  ;
  return 0;
}
configure:12987: gcc -c -fPIC  conftest.c >&5
configure:12967:5: error: conflicting types for 'getnetbyaddr_r'
 #define __USE_MISC
     ^
In file included from configure:12966:0:
/usr/include/netdb.h:242:12: note: previous declaration of 'getnetbyaddr_r' was here
 extern int getnetbyaddr_r (uint32_t __net, int __type,
            ^
configure:12990: $? = 1
configure: failed program was:
#line 12959 "configure"
#include "confdefs.h"

#undef _REENTRANT
#define _REENTRANT
#define _OSF_SOURCE
#undef __USE_MISC
#define __USE_MISC
#include <netdb.h>
int getnetbyaddr_r (unsigned long int, int, struct netent *,
                    char *, size_t, struct netent **, int *);

#ifdef F77_DUMMY_MAIN
#  ifdef __cplusplus
     extern "C"
#  endif
   int F77_DUMMY_MAIN() { return 1; }
#endif
int
main ()
{
return (0)
  ;
  return 0;
}
configure:13039: gcc -c -fPIC  conftest.c >&5
configure:13020:61: warning: 'struct netent_data' declared inside parameter list
configure:13020:61: warning: its scope is only this definition or declaration, which is probably not what you want
configure:13020:12: error: conflicting types for 'getnetbyaddr_r'
 #define __USE_MISC
            ^
In file included from configure:13019:0:
/usr/include/netdb.h:242:12: note: previous declaration of 'getnetbyaddr_r' was here
 extern int getnetbyaddr_r (uint32_t __net, int __type,
            ^
configure:13042: $? = 1
configure: failed program was:
#line 13012 "configure"
#include "confdefs.h"

#undef _REENTRANT
#define _REENTRANT
#define _OSF_SOURCE
#undef __USE_MISC
#define __USE_MISC
#include <netdb.h>
extern int getnetbyaddr_r(int, int, struct netent *, struct netent_data *);

#ifdef F77_DUMMY_MAIN
#  ifdef __cplusplus
     extern "C"
#  endif
   int F77_DUMMY_MAIN() { return 1; }
#endif
int
main ()
{
return (0)
  ;
  return 0;
}
configure:13087: gcc -c -fPIC  conftest.c >&5
configure:13068:56: warning: 'struct netent_data' declared inside parameter list
configure:13068:56: warning: its scope is only this definition or declaration, which is probably not what you want
configure:13068:5: error: conflicting types for 'getnetbyaddr_r'
 #define __USE_MISC
     ^
In file included from configure:13067:0:
/usr/include/netdb.h:242:12: note: previous declaration of 'getnetbyaddr_r' was here
 extern int getnetbyaddr_r (uint32_t __net, int __type,
            ^
configure:13090: $? = 1
configure: failed program was:
#line 13064 "configure"
#include "confdefs.h"
#undef __USE_MISC
#define __USE_MISC
#include <netdb.h>
int getnetbyaddr_r (long, int, struct netent *, struct netent_data *);

#ifdef F77_DUMMY_MAIN
#  ifdef __cplusplus
     extern "C"
#  endif
   int F77_DUMMY_MAIN() { return 1; }
#endif
int
main ()
{
return (0)
  ;
  return 0;
}
configure:13150: checking for setnetent_r
configure:13211: gcc -o conftest -fPIC   conftest.c -lnsl -lpthread  >&5
/tmp/cccquX90.o: In function `main':
conftest.c:(.text+0x11): undefined reference to `setnetent_r'
/tmp/cccquX90.o:(.data.rel+0x0): undefined reference to `setnetent_r'
collect2: error: ld returned 1 exit status
configure:13214: $? = 1
configure: failed program was:
#line 13155 "configure"
#include "confdefs.h"
/* From autoconf 2.57 */
/* Define setnetent_r to an innocuous variant, in case <limits.h> declares setnetent_r.
   For example, HP-UX 11i <limits.h> declares gettimeofday.  */
#define setnetent_r innocuous_setnetent_r

/* System header to define __stub macros and hopefully few prototypes,
    which can conflict with char setnetent_r (); below.
    Prefer <limits.h> to <assert.h> if __STDC__ is defined, since
    <limits.h> exists even on freestanding compilers.  */

#ifdef __STDC__
# include <limits.h>
#else
# include <assert.h>
#endif

#undef setnetent_r

/* Override any gcc2 internal prototype to avoid an error.  */
#ifdef __cplusplus
extern "C"
{
#endif
/* We use char because int might match the return type of a gcc2
   builtin and then its argument prototype would still apply.  */
char setnetent_r ();
/* The GNU C library defines this for functions which it implements
    to always fail with ENOSYS.  Some functions are actually named
    something starting with __ and the normal name is an alias.  */
#if defined (__stub_setnetent_r) || defined (__stub___setnetent_r)
choke me
#else
char (*f) () = setnetent_r;
#endif
#ifdef __cplusplus
}
#endif

#ifdef F77_DUMMY_MAIN
#  ifdef __cplusplus
     extern "C"
#  endif
   int F77_DUMMY_MAIN() { return 1; }
#endif
int
main ()
{
return f != setnetent_r;
  ;
  return 0;
}
configure:13230: result: no
configure:13337: checking for endnetent_r
configure:13398: gcc -o conftest -fPIC   conftest.c -lnsl -lpthread  >&5
/tmp/ccvox8Y3.o: In function `main':
conftest.c:(.text+0x11): undefined reference to `endnetent_r'
/tmp/ccvox8Y3.o:(.data.rel+0x0): undefined reference to `endnetent_r'
collect2: error: ld returned 1 exit status
configure:13401: $? = 1
configure: failed program was:
#line 13342 "configure"
#include "confdefs.h"
/* From autoconf 2.57 */
/* Define endnetent_r to an innocuous variant, in case <limits.h> declares endnetent_r.
   For example, HP-UX 11i <limits.h> declares gettimeofday.  */
#define endnetent_r innocuous_endnetent_r

/* System header to define __stub macros and hopefully few prototypes,
    which can conflict with char endnetent_r (); below.
    Prefer <limits.h> to <assert.h> if __STDC__ is defined, since
    <limits.h> exists even on freestanding compilers.  */

#ifdef __STDC__
# include <limits.h>
#else
# include <assert.h>
#endif

#undef endnetent_r

/* Override any gcc2 internal prototype to avoid an error.  */
#ifdef __cplusplus
extern "C"
{
#endif
/* We use char because int might match the return type of a gcc2
   builtin and then its argument prototype would still apply.  */
char endnetent_r ();
/* The GNU C library defines this for functions which it implements
    to always fail with ENOSYS.  Some functions are actually named
    something starting with __ and the normal name is an alias.  */
#if defined (__stub_endnetent_r) || defined (__stub___endnetent_r)
choke me
#else
char (*f) () = endnetent_r;
#endif
#ifdef __cplusplus
}
#endif

#ifdef F77_DUMMY_MAIN
#  ifdef __cplusplus
     extern "C"
#  endif
   int F77_DUMMY_MAIN() { return 1; }
#endif
int
main ()
{
return f != endnetent_r;
  ;
  return 0;
}
configure:13417: result: no
configure:13570: checking for getgrnam_r
configure:13631: gcc -o conftest -fPIC   conftest.c -lnsl -lpthread  >&5
configure:13634: $? = 0
configure:13637: test -s conftest
configure:13640: $? = 0
configure:13650: result: yes
configure:13661: checking for getgrgid_r
configure:13722: gcc -o conftest -fPIC   conftest.c -lnsl -lpthread  >&5
configure:13725: $? = 0
configure:13728: test -s conftest
configure:13731: $? = 0
configure:13741: result: yes
configure:13753: checking for getgrent_r
configure:13814: gcc -o conftest -fPIC   conftest.c -lnsl -lpthread  >&5
configure:13817: $? = 0
configure:13820: test -s conftest
configure:13823: $? = 0
configure:13833: result: yes
configure:13859: gcc -c -fPIC  conftest.c >&5
configure:13862: $? = 0
configure:13865: test -s conftest.o
configure:13868: $? = 0
configure:13899: checking for endgrent_r
configure:13960: gcc -o conftest -fPIC   conftest.c -lnsl -lpthread  >&5
/tmp/ccsZwX7h.o: In function `main':
conftest.c:(.text+0x11): undefined reference to `endgrent_r'
/tmp/ccsZwX7h.o:(.data.rel+0x0): undefined reference to `endgrent_r'
collect2: error: ld returned 1 exit status
configure:13963: $? = 1
configure: failed program was:
#line 13904 "configure"
#include "confdefs.h"
/* From autoconf 2.57 */
/* Define endgrent_r to an innocuous variant, in case <limits.h> declares endgrent_r.
   For example, HP-UX 11i <limits.h> declares gettimeofday.  */
#define endgrent_r innocuous_endgrent_r

/* System header to define __stub macros and hopefully few prototypes,
    which can conflict with char endgrent_r (); below.
    Prefer <limits.h> to <assert.h> if __STDC__ is defined, since
    <limits.h> exists even on freestanding compilers.  */

#ifdef __STDC__
# include <limits.h>
#else
# include <assert.h>
#endif

#undef endgrent_r

/* Override any gcc2 internal prototype to avoid an error.  */
#ifdef __cplusplus
extern "C"
{
#endif
/* We use char because int might match the return type of a gcc2
   builtin and then its argument prototype would still apply.  */
char endgrent_r ();
/* The GNU C library defines this for functions which it implements
    to always fail with ENOSYS.  Some functions are actually named
    something starting with __ and the normal name is an alias.  */
#if defined (__stub_endgrent_r) || defined (__stub___endgrent_r)
choke me
#else
char (*f) () = endgrent_r;
#endif
#ifdef __cplusplus
}
#endif

#ifdef F77_DUMMY_MAIN
#  ifdef __cplusplus
     extern "C"
#  endif
   int F77_DUMMY_MAIN() { return 1; }
#endif
int
main ()
{
return f != endgrent_r;
  ;
  return 0;
}
configure:13979: result: no
configure:13998: checking for setgrent_r
configure:14059: gcc -o conftest -fPIC   conftest.c -lnsl -lpthread  >&5
/tmp/ccZcin7n.o: In function `main':
conftest.c:(.text+0x11): undefined reference to `setgrent_r'
/tmp/ccZcin7n.o:(.data.rel+0x0): undefined reference to `setgrent_r'
collect2: error: ld returned 1 exit status
configure:14062: $? = 1
configure: failed program was:
#line 14003 "configure"
#include "confdefs.h"
/* From autoconf 2.57 */
/* Define setgrent_r to an innocuous variant, in case <limits.h> declares setgrent_r.
   For example, HP-UX 11i <limits.h> declares gettimeofday.  */
#define setgrent_r innocuous_setgrent_r

/* System header to define __stub macros and hopefully few prototypes,
    which can conflict with char setgrent_r (); below.
    Prefer <limits.h> to <assert.h> if __STDC__ is defined, since
    <limits.h> exists even on freestanding compilers.  */

#ifdef __STDC__
# include <limits.h>
#else
# include <assert.h>
#endif

#undef setgrent_r

/* Override any gcc2 internal prototype to avoid an error.  */
#ifdef __cplusplus
extern "C"
{
#endif
/* We use char because int might match the return type of a gcc2
   builtin and then its argument prototype would still apply.  */
char setgrent_r ();
/* The GNU C library defines this for functions which it implements
    to always fail with ENOSYS.  Some functions are actually named
    something starting with __ and the normal name is an alias.  */
#if defined (__stub_setgrent_r) || defined (__stub___setgrent_r)
choke me
#else
char (*f) () = setgrent_r;
#endif
#ifdef __cplusplus
}
#endif

#ifdef F77_DUMMY_MAIN
#  ifdef __cplusplus
     extern "C"
#  endif
   int F77_DUMMY_MAIN() { return 1; }
#endif
int
main ()
{
return f != setgrent_r;
  ;
  return 0;
}
configure:14078: result: no
configure:14096: checking for gethostbyname_r
configure:14157: gcc -o conftest -fPIC   conftest.c -lnsl -lpthread  >&5
configure:14160: $? = 0
configure:14163: test -s conftest
configure:14166: $? = 0
configure:14176: result: yes
configure:14204: gcc -c -fPIC  conftest.c >&5
configure:14184:18: error: conflicting types for 'gethostbyname_r'
 #define __USE_MISC
                  ^
In file included from configure:14183:0:
/usr/include/netdb.h:179:12: note: previous declaration of 'gethostbyname_r' was here
 extern int gethostbyname_r (const char *__restrict __name,
            ^
configure:14207: $? = 1
configure: failed program was:
#line 14179 "configure"
#include "confdefs.h"

#undef __USE_MISC
#define __USE_MISC
#include <netdb.h>
struct hostent  *gethostbyname_r
(const char *name, struct hostent *hp, char *buf, int len, int *h_errnop) {}

#ifdef F77_DUMMY_MAIN
#  ifdef __cplusplus
     extern "C"
#  endif
   int F77_DUMMY_MAIN() { return 1; }
#endif
int
main ()
{
return (0);
  ;
  return 0;
}
configure:14256: gcc -c -fPIC  conftest.c >&5
configure:14237:34: warning: 'struct hostent_data' declared inside parameter list
 int gethostbyname_r(const char *name,
                                  ^
configure:14237:34: warning: its scope is only this definition or declaration, which is probably not what you want
configure:14235:5: error: conflicting types for 'gethostbyname_r'
 #define __USE_MISC
     ^
In file included from configure:14234:0:
/usr/include/netdb.h:179:12: note: previous declaration of 'gethostbyname_r' was here
 extern int gethostbyname_r (const char *__restrict __name,
            ^
configure:14259: $? = 1
configure: failed program was:
#line 14230 "configure"
#include "confdefs.h"

#undef __USE_MISC
#define __USE_MISC
#include <netdb.h>
int gethostbyname_r(const char *name,
                          struct hostent *result,
                          struct hostent_data *hdptr);

#ifdef F77_DUMMY_MAIN
#  ifdef __cplusplus
     extern "C"
#  endif
   int F77_DUMMY_MAIN() { return 1; }
#endif
int
main ()
{

  ;
  return 0;
}
configure:14309: gcc -c -fPIC  conftest.c >&5
configure:14312: $? = 0
configure:14315: test -s conftest.o
configure:14318: $? = 0
configure:14364: checking for endhostent_r
configure:14425: gcc -o conftest -fPIC   conftest.c -lnsl -lpthread  >&5
/tmp/ccUMKcYy.o: In function `main':
conftest.c:(.text+0x11): undefined reference to `endhostent_r'
/tmp/ccUMKcYy.o:(.data.rel+0x0): undefined reference to `endhostent_r'
collect2: error: ld returned 1 exit status
configure:14428: $? = 1
configure: failed program was:
#line 14369 "configure"
#include "confdefs.h"
/* From autoconf 2.57 */
/* Define endhostent_r to an innocuous variant, in case <limits.h> declares endhostent_r.
   For example, HP-UX 11i <limits.h> declares gettimeofday.  */
#define endhostent_r innocuous_endhostent_r

/* System header to define __stub macros and hopefully few prototypes,
    which can conflict with char endhostent_r (); below.
    Prefer <limits.h> to <assert.h> if __STDC__ is defined, since
    <limits.h> exists even on freestanding compilers.  */

#ifdef __STDC__
# include <limits.h>
#else
# include <assert.h>
#endif

#undef endhostent_r

/* Override any gcc2 internal prototype to avoid an error.  */
#ifdef __cplusplus
extern "C"
{
#endif
/* We use char because int might match the return type of a gcc2
   builtin and then its argument prototype would still apply.  */
char endhostent_r ();
/* The GNU C library defines this for functions which it implements
    to always fail with ENOSYS.  Some functions are actually named
    something starting with __ and the normal name is an alias.  */
#if defined (__stub_endhostent_r) || defined (__stub___endhostent_r)
choke me
#else
char (*f) () = endhostent_r;
#endif
#ifdef __cplusplus
}
#endif

#ifdef F77_DUMMY_MAIN
#  ifdef __cplusplus
     extern "C"
#  endif
   int F77_DUMMY_MAIN() { return 1; }
#endif
int
main ()
{
return f != endhostent_r;
  ;
  return 0;
}
configure:14444: result: no
configure:14601: checking for sethostent_r
configure:14662: gcc -o conftest -fPIC   conftest.c -lnsl -lpthread  >&5
/tmp/ccY5cuGt.o: In function `main':
conftest.c:(.text+0x11): undefined reference to `sethostent_r'
/tmp/ccY5cuGt.o:(.data.rel+0x0): undefined reference to `sethostent_r'
collect2: error: ld returned 1 exit status
configure:14665: $? = 1
configure: failed program was:
#line 14606 "configure"
#include "confdefs.h"
/* From autoconf 2.57 */
/* Define sethostent_r to an innocuous variant, in case <limits.h> declares sethostent_r.
   For example, HP-UX 11i <limits.h> declares gettimeofday.  */
#define sethostent_r innocuous_sethostent_r

/* System header to define __stub macros and hopefully few prototypes,
    which can conflict with char sethostent_r (); below.
    Prefer <limits.h> to <assert.h> if __STDC__ is defined, since
    <limits.h> exists even on freestanding compilers.  */

#ifdef __STDC__
# include <limits.h>
#else
# include <assert.h>
#endif

#undef sethostent_r

/* Override any gcc2 internal prototype to avoid an error.  */
#ifdef __cplusplus
extern "C"
{
#endif
/* We use char because int might match the return type of a gcc2
   builtin and then its argument prototype would still apply.  */
char sethostent_r ();
/* The GNU C library defines this for functions which it implements
    to always fail with ENOSYS.  Some functions are actually named
    something starting with __ and the normal name is an alias.  */
#if defined (__stub_sethostent_r) || defined (__stub___sethostent_r)
choke me
#else
char (*f) () = sethostent_r;
#endif
#ifdef __cplusplus
}
#endif

#ifdef F77_DUMMY_MAIN
#  ifdef __cplusplus
     extern "C"
#  endif
   int F77_DUMMY_MAIN() { return 1; }
#endif
int
main ()
{
return f != sethostent_r;
  ;
  return 0;
}
configure:14681: result: no
configure:14826: checking struct passwd element pw_class
configure:14850: gcc -c -fPIC  conftest.c >&5
configure: In function 'main':
configure:14842:22: error: 'struct passwd' has no member named 'pw_class'
configure:14853: $? = 1
configure: failed program was:
#line 14828 "configure"
#include "confdefs.h"

#include <sys/types.h>
#include <pwd.h>

#ifdef F77_DUMMY_MAIN
#  ifdef __cplusplus
     extern "C"
#  endif
   int F77_DUMMY_MAIN() { return 1; }
#endif
int
main ()
{
struct passwd *pw; pw->pw_class = "";
  ;
  return 0;
}
configure:14871: result: no
configure:14901: gcc -c -fPIC  conftest.c >&5
configure:14904: $? = 0
configure:14907: test -s conftest.o
configure:14910: $? = 0
configure:14947: gcc -c -fPIC  conftest.c >&5
configure:14950: $? = 0
configure:14953: test -s conftest.o
configure:14956: $? = 0
configure:14969: checking for getnetgrent_r
configure:15030: gcc -o conftest -fPIC   conftest.c -lnsl -lpthread  >&5
configure:15033: $? = 0
configure:15036: test -s conftest
configure:15039: $? = 0
configure:15049: result: yes
configure:15077: gcc -c -fPIC  conftest.c >&5
configure:15057:5: error: conflicting types for 'getnetgrent_r'
 #define __USE_MISC
     ^
In file included from configure:15056:0:
/usr/include/netdb.h:432:12: note: previous declaration of 'getnetgrent_r' was here
 extern int getnetgrent_r (char **__restrict __hostp,
            ^
configure:15080: $? = 1
configure: failed program was:
#line 15052 "configure"
#include "confdefs.h"

#undef __USE_MISC
#define __USE_MISC
#include <netdb.h>
int getnetgrent_r(char **m, char **u, char **d, char *b, int l) {}


#ifdef F77_DUMMY_MAIN
#  ifdef __cplusplus
     extern "C"
#  endif
   int F77_DUMMY_MAIN() { return 1; }
#endif
int
main ()
{
return (0);
  ;
  return 0;
}
configure:15125: gcc -c -fPIC  conftest.c >&5
configure:15128: $? = 0
configure:15131: test -s conftest.o
configure:15134: $? = 0
configure:15224: checking for endnetgrent_r
configure:15285: gcc -o conftest -fPIC   conftest.c -lnsl -lpthread  >&5
/tmp/ccpFPSgL.o: In function `main':
conftest.c:(.text+0x11): undefined reference to `endnetgrent_r'
/tmp/ccpFPSgL.o:(.data.rel+0x0): undefined reference to `endnetgrent_r'
collect2: error: ld returned 1 exit status
configure:15288: $? = 1
configure: failed program was:
#line 15229 "configure"
#include "confdefs.h"
/* From autoconf 2.57 */
/* Define endnetgrent_r to an innocuous variant, in case <limits.h> declares endnetgrent_r.
   For example, HP-UX 11i <limits.h> declares gettimeofday.  */
#define endnetgrent_r innocuous_endnetgrent_r

/* System header to define __stub macros and hopefully few prototypes,
    which can conflict with char endnetgrent_r (); below.
    Prefer <limits.h> to <assert.h> if __STDC__ is defined, since
    <limits.h> exists even on freestanding compilers.  */

#ifdef __STDC__
# include <limits.h>
#else
# include <assert.h>
#endif

#undef endnetgrent_r

/* Override any gcc2 internal prototype to avoid an error.  */
#ifdef __cplusplus
extern "C"
{
#endif
/* We use char because int might match the return type of a gcc2
   builtin and then its argument prototype would still apply.  */
char endnetgrent_r ();
/* The GNU C library defines this for functions which it implements
    to always fail with ENOSYS.  Some functions are actually named
    something starting with __ and the normal name is an alias.  */
#if defined (__stub_endnetgrent_r) || defined (__stub___endnetgrent_r)
choke me
#else
char (*f) () = endnetgrent_r;
#endif
#ifdef __cplusplus
}
#endif

#ifdef F77_DUMMY_MAIN
#  ifdef __cplusplus
     extern "C"
#  endif
   int F77_DUMMY_MAIN() { return 1; }
#endif
int
main ()
{
return f != endnetgrent_r;
  ;
  return 0;
}
configure:15304: result: no
configure:15326: checking for setnetgrent_r
configure:15387: gcc -o conftest -fPIC   conftest.c -lnsl -lpthread  >&5
/tmp/ccar8dsR.o: In function `main':
conftest.c:(.text+0x11): undefined reference to `setnetgrent_r'
/tmp/ccar8dsR.o:(.data.rel+0x0): undefined reference to `setnetgrent_r'
collect2: error: ld returned 1 exit status
configure:15390: $? = 1
configure: failed program was:
#line 15331 "configure"
#include "confdefs.h"
/* From autoconf 2.57 */
/* Define setnetgrent_r to an innocuous variant, in case <limits.h> declares setnetgrent_r.
   For example, HP-UX 11i <limits.h> declares gettimeofday.  */
#define setnetgrent_r innocuous_setnetgrent_r

/* System header to define __stub macros and hopefully few prototypes,
    which can conflict with char setnetgrent_r (); below.
    Prefer <limits.h> to <assert.h> if __STDC__ is defined, since
    <limits.h> exists even on freestanding compilers.  */

#ifdef __STDC__
# include <limits.h>
#else
# include <assert.h>
#endif

#undef setnetgrent_r

/* Override any gcc2 internal prototype to avoid an error.  */
#ifdef __cplusplus
extern "C"
{
#endif
/* We use char because int might match the return type of a gcc2
   builtin and then its argument prototype would still apply.  */
char setnetgrent_r ();
/* The GNU C library defines this for functions which it implements
    to always fail with ENOSYS.  Some functions are actually named
    something starting with __ and the normal name is an alias.  */
#if defined (__stub_setnetgrent_r) || defined (__stub___setnetgrent_r)
choke me
#else
char (*f) () = setnetgrent_r;
#endif
#ifdef __cplusplus
}
#endif

#ifdef F77_DUMMY_MAIN
#  ifdef __cplusplus
     extern "C"
#  endif
   int F77_DUMMY_MAIN() { return 1; }
#endif
int
main ()
{
return f != setnetgrent_r;
  ;
  return 0;
}
configure:15406: result: no
configure:15431: checking for innetgr_r
configure:15492: gcc -o conftest -fPIC   conftest.c -lnsl -lpthread  >&5
/tmp/ccuwDsmU.o: In function `main':
conftest.c:(.text+0x11): undefined reference to `innetgr_r'
/tmp/ccuwDsmU.o:(.data.rel+0x0): undefined reference to `innetgr_r'
collect2: error: ld returned 1 exit status
configure:15495: $? = 1
configure: failed program was:
#line 15436 "configure"
#include "confdefs.h"
/* From autoconf 2.57 */
/* Define innetgr_r to an innocuous variant, in case <limits.h> declares innetgr_r.
   For example, HP-UX 11i <limits.h> declares gettimeofday.  */
#define innetgr_r innocuous_innetgr_r

/* System header to define __stub macros and hopefully few prototypes,
    which can conflict with char innetgr_r (); below.
    Prefer <limits.h> to <assert.h> if __STDC__ is defined, since
    <limits.h> exists even on freestanding compilers.  */

#ifdef __STDC__
# include <limits.h>
#else
# include <assert.h>
#endif

#undef innetgr_r

/* Override any gcc2 internal prototype to avoid an error.  */
#ifdef __cplusplus
extern "C"
{
#endif
/* We use char because int might match the return type of a gcc2
   builtin and then its argument prototype would still apply.  */
char innetgr_r ();
/* The GNU C library defines this for functions which it implements
    to always fail with ENOSYS.  Some functions are actually named
    something starting with __ and the normal name is an alias.  */
#if defined (__stub_innetgr_r) || defined (__stub___innetgr_r)
choke me
#else
char (*f) () = innetgr_r;
#endif
#ifdef __cplusplus
}
#endif

#ifdef F77_DUMMY_MAIN
#  ifdef __cplusplus
     extern "C"
#  endif
   int F77_DUMMY_MAIN() { return 1; }
#endif
int
main ()
{
return f != innetgr_r;
  ;
  return 0;
}
configure:15511: result: no
configure:15523: checking for getprotoent_r
configure:15584: gcc -o conftest -fPIC   conftest.c -lnsl -lpthread  >&5
configure:15587: $? = 0
configure:15590: test -s conftest
configure:15593: $? = 0
configure:15603: result: yes
configure:15633: gcc -c -fPIC  conftest.c >&5
configure:15611:18: error: conflicting types for 'getprotoent_r'
 #define __USE_MISC
                  ^
In file included from configure:15610:0:
/usr/include/netdb.h:374:12: note: previous declaration of 'getprotoent_r' was here
 extern int getprotoent_r (struct protoent *__restrict __result_buf,
            ^
configure:15636: $? = 1
configure: failed program was:
#line 15606 "configure"
#include "confdefs.h"

#undef __USE_MISC
#define __USE_MISC
#include <netdb.h>
struct protoent *getprotoent_r(struct protoent *result,
		 char *buffer, int buflen) {}


#ifdef F77_DUMMY_MAIN
#  ifdef __cplusplus
     extern "C"
#  endif
   int F77_DUMMY_MAIN() { return 1; }
#endif
int
main ()
{
return (0);

  ;
  return 0;
}
configure:15684: gcc -c -fPIC  conftest.c >&5
configure:15687: $? = 0
configure:15690: test -s conftest.o
configure:15693: $? = 0
configure:15733: checking for endprotoent_r
configure:15794: gcc -o conftest -fPIC   conftest.c -lnsl -lpthread  >&5
/tmp/ccCUJa92.o: In function `main':
conftest.c:(.text+0x11): undefined reference to `endprotoent_r'
/tmp/ccCUJa92.o:(.data.rel+0x0): undefined reference to `endprotoent_r'
collect2: error: ld returned 1 exit status
configure:15797: $? = 1
configure: failed program was:
#line 15738 "configure"
#include "confdefs.h"
/* From autoconf 2.57 */
/* Define endprotoent_r to an innocuous variant, in case <limits.h> declares endprotoent_r.
   For example, HP-UX 11i <limits.h> declares gettimeofday.  */
#define endprotoent_r innocuous_endprotoent_r

/* System header to define __stub macros and hopefully few prototypes,
    which can conflict with char endprotoent_r (); below.
    Prefer <limits.h> to <assert.h> if __STDC__ is defined, since
    <limits.h> exists even on freestanding compilers.  */

#ifdef __STDC__
# include <limits.h>
#else
# include <assert.h>
#endif

#undef endprotoent_r

/* Override any gcc2 internal prototype to avoid an error.  */
#ifdef __cplusplus
extern "C"
{
#endif
/* We use char because int might match the return type of a gcc2
   builtin and then its argument prototype would still apply.  */
char endprotoent_r ();
/* The GNU C library defines this for functions which it implements
    to always fail with ENOSYS.  Some functions are actually named
    something starting with __ and the normal name is an alias.  */
#if defined (__stub_endprotoent_r) || defined (__stub___endprotoent_r)
choke me
#else
char (*f) () = endprotoent_r;
#endif
#ifdef __cplusplus
}
#endif

#ifdef F77_DUMMY_MAIN
#  ifdef __cplusplus
     extern "C"
#  endif
   int F77_DUMMY_MAIN() { return 1; }
#endif
int
main ()
{
return f != endprotoent_r;
  ;
  return 0;
}
configure:15813: result: no
configure:15877: checking for setprotoent_r
configure:15938: gcc -o conftest -fPIC   conftest.c -lnsl -lpthread  >&5
/tmp/ccpuT7t9.o: In function `main':
conftest.c:(.text+0x11): undefined reference to `setprotoent_r'
/tmp/ccpuT7t9.o:(.data.rel+0x0): undefined reference to `setprotoent_r'
collect2: error: ld returned 1 exit status
configure:15941: $? = 1
configure: failed program was:
#line 15882 "configure"
#include "confdefs.h"
/* From autoconf 2.57 */
/* Define setprotoent_r to an innocuous variant, in case <limits.h> declares setprotoent_r.
   For example, HP-UX 11i <limits.h> declares gettimeofday.  */
#define setprotoent_r innocuous_setprotoent_r

/* System header to define __stub macros and hopefully few prototypes,
    which can conflict with char setprotoent_r (); below.
    Prefer <limits.h> to <assert.h> if __STDC__ is defined, since
    <limits.h> exists even on freestanding compilers.  */

#ifdef __STDC__
# include <limits.h>
#else
# include <assert.h>
#endif

#undef setprotoent_r

/* Override any gcc2 internal prototype to avoid an error.  */
#ifdef __cplusplus
extern "C"
{
#endif
/* We use char because int might match the return type of a gcc2
   builtin and then its argument prototype would still apply.  */
char setprotoent_r ();
/* The GNU C library defines this for functions which it implements
    to always fail with ENOSYS.  Some functions are actually named
    something starting with __ and the normal name is an alias.  */
#if defined (__stub_setprotoent_r) || defined (__stub___setprotoent_r)
choke me
#else
char (*f) () = setprotoent_r;
#endif
#ifdef __cplusplus
}
#endif

#ifdef F77_DUMMY_MAIN
#  ifdef __cplusplus
     extern "C"
#  endif
   int F77_DUMMY_MAIN() { return 1; }
#endif
int
main ()
{
return f != setprotoent_r;
  ;
  return 0;
}
configure:15957: result: no
configure:16015: checking for getpwent_r
configure:16076: gcc -o conftest -fPIC   conftest.c -lnsl -lpthread  >&5
configure:16079: $? = 0
configure:16082: test -s conftest
configure:16085: $? = 0
configure:16095: result: yes
configure:16124: gcc -c -fPIC  conftest.c >&5
configure:16103:1: error: conflicting types for 'getpwent_r'
 #include <pwd.h>
 ^
In file included from configure:16101:0:
/usr/include/pwd.h:139:12: note: previous declaration of 'getpwent_r' was here
 extern int getpwent_r (struct passwd *__restrict __resultbuf,
            ^
configure:16127: $? = 1
configure: failed program was:
#line 16098 "configure"
#include "confdefs.h"

#include <sys/types.h>
#include <pwd.h>
struct passwd *
getpwent_r(struct passwd *pwptr, char *buf, int buflen) {}


#ifdef F77_DUMMY_MAIN
#  ifdef __cplusplus
     extern "C"
#  endif
   int F77_DUMMY_MAIN() { return 1; }
#endif
int
main ()
{


  ;
  return 0;
}
configure:16169: checking for endpwent_r
configure:16230: gcc -o conftest -fPIC   conftest.c -lnsl -lpthread  >&5
/tmp/cc9jwnbf.o: In function `main':
conftest.c:(.text+0x11): undefined reference to `endpwent_r'
/tmp/cc9jwnbf.o:(.data.rel+0x0): undefined reference to `endpwent_r'
collect2: error: ld returned 1 exit status
configure:16233: $? = 1
configure: failed program was:
#line 16174 "configure"
#include "confdefs.h"
/* From autoconf 2.57 */
/* Define endpwent_r to an innocuous variant, in case <limits.h> declares endpwent_r.
   For example, HP-UX 11i <limits.h> declares gettimeofday.  */
#define endpwent_r innocuous_endpwent_r

/* System header to define __stub macros and hopefully few prototypes,
    which can conflict with char endpwent_r (); below.
    Prefer <limits.h> to <assert.h> if __STDC__ is defined, since
    <limits.h> exists even on freestanding compilers.  */

#ifdef __STDC__
# include <limits.h>
#else
# include <assert.h>
#endif

#undef endpwent_r

/* Override any gcc2 internal prototype to avoid an error.  */
#ifdef __cplusplus
extern "C"
{
#endif
/* We use char because int might match the return type of a gcc2
   builtin and then its argument prototype would still apply.  */
char endpwent_r ();
/* The GNU C library defines this for functions which it implements
    to always fail with ENOSYS.  Some functions are actually named
    something starting with __ and the normal name is an alias.  */
#if defined (__stub_endpwent_r) || defined (__stub___endpwent_r)
choke me
#else
char (*f) () = endpwent_r;
#endif
#ifdef __cplusplus
}
#endif

#ifdef F77_DUMMY_MAIN
#  ifdef __cplusplus
     extern "C"
#  endif
   int F77_DUMMY_MAIN() { return 1; }
#endif
int
main ()
{
return f != endpwent_r;
  ;
  return 0;
}
configure:16249: result: no
configure:16309: checking for setpassent_r
configure:16370: gcc -o conftest -fPIC   conftest.c -lnsl -lpthread  >&5
/tmp/ccV5wenl.o: In function `main':
conftest.c:(.text+0x11): undefined reference to `setpassent_r'
/tmp/ccV5wenl.o:(.data.rel+0x0): undefined reference to `setpassent_r'
collect2: error: ld returned 1 exit status
configure:16373: $? = 1
configure: failed program was:
#line 16314 "configure"
#include "confdefs.h"
/* From autoconf 2.57 */
/* Define setpassent_r to an innocuous variant, in case <limits.h> declares setpassent_r.
   For example, HP-UX 11i <limits.h> declares gettimeofday.  */
#define setpassent_r innocuous_setpassent_r

/* System header to define __stub macros and hopefully few prototypes,
    which can conflict with char setpassent_r (); below.
    Prefer <limits.h> to <assert.h> if __STDC__ is defined, since
    <limits.h> exists even on freestanding compilers.  */

#ifdef __STDC__
# include <limits.h>
#else
# include <assert.h>
#endif

#undef setpassent_r

/* Override any gcc2 internal prototype to avoid an error.  */
#ifdef __cplusplus
extern "C"
{
#endif
/* We use char because int might match the return type of a gcc2
   builtin and then its argument prototype would still apply.  */
char setpassent_r ();
/* The GNU C library defines this for functions which it implements
    to always fail with ENOSYS.  Some functions are actually named
    something starting with __ and the normal name is an alias.  */
#if defined (__stub_setpassent_r) || defined (__stub___setpassent_r)
choke me
#else
char (*f) () = setpassent_r;
#endif
#ifdef __cplusplus
}
#endif

#ifdef F77_DUMMY_MAIN
#  ifdef __cplusplus
     extern "C"
#  endif
   int F77_DUMMY_MAIN() { return 1; }
#endif
int
main ()
{
return f != setpassent_r;
  ;
  return 0;
}
configure:16389: result: no
configure:16400: checking for setpassent
configure:16461: gcc -o conftest -fPIC   conftest.c -lnsl -lpthread  >&5
/tmp/cc51W9Om.o: In function `main':
conftest.c:(.text+0x11): undefined reference to `setpassent'
/tmp/cc51W9Om.o:(.data.rel+0x0): undefined reference to `setpassent'
collect2: error: ld returned 1 exit status
configure:16464: $? = 1
configure: failed program was:
#line 16405 "configure"
#include "confdefs.h"
/* From autoconf 2.57 */
/* Define setpassent to an innocuous variant, in case <limits.h> declares setpassent.
   For example, HP-UX 11i <limits.h> declares gettimeofday.  */
#define setpassent innocuous_setpassent

/* System header to define __stub macros and hopefully few prototypes,
    which can conflict with char setpassent (); below.
    Prefer <limits.h> to <assert.h> if __STDC__ is defined, since
    <limits.h> exists even on freestanding compilers.  */

#ifdef __STDC__
# include <limits.h>
#else
# include <assert.h>
#endif

#undef setpassent

/* Override any gcc2 internal prototype to avoid an error.  */
#ifdef __cplusplus
extern "C"
{
#endif
/* We use char because int might match the return type of a gcc2
   builtin and then its argument prototype would still apply.  */
char setpassent ();
/* The GNU C library defines this for functions which it implements
    to always fail with ENOSYS.  Some functions are actually named
    something starting with __ and the normal name is an alias.  */
#if defined (__stub_setpassent) || defined (__stub___setpassent)
choke me
#else
char (*f) () = setpassent;
#endif
#ifdef __cplusplus
}
#endif

#ifdef F77_DUMMY_MAIN
#  ifdef __cplusplus
     extern "C"
#  endif
   int F77_DUMMY_MAIN() { return 1; }
#endif
int
main ()
{
return f != setpassent;
  ;
  return 0;
}
configure:16480: result: no
configure:16492: checking for setpwent_r
configure:16553: gcc -o conftest -fPIC   conftest.c -lnsl -lpthread  >&5
/tmp/cci6mUHs.o: In function `main':
conftest.c:(.text+0x11): undefined reference to `setpwent_r'
/tmp/cci6mUHs.o:(.data.rel+0x0): undefined reference to `setpwent_r'
collect2: error: ld returned 1 exit status
configure:16556: $? = 1
configure: failed program was:
#line 16497 "configure"
#include "confdefs.h"
/* From autoconf 2.57 */
/* Define setpwent_r to an innocuous variant, in case <limits.h> declares setpwent_r.
   For example, HP-UX 11i <limits.h> declares gettimeofday.  */
#define setpwent_r innocuous_setpwent_r

/* System header to define __stub macros and hopefully few prototypes,
    which can conflict with char setpwent_r (); below.
    Prefer <limits.h> to <assert.h> if __STDC__ is defined, since
    <limits.h> exists even on freestanding compilers.  */

#ifdef __STDC__
# include <limits.h>
#else
# include <assert.h>
#endif

#undef setpwent_r

/* Override any gcc2 internal prototype to avoid an error.  */
#ifdef __cplusplus
extern "C"
{
#endif
/* We use char because int might match the return type of a gcc2
   builtin and then its argument prototype would still apply.  */
char setpwent_r ();
/* The GNU C library defines this for functions which it implements
    to always fail with ENOSYS.  Some functions are actually named
    something starting with __ and the normal name is an alias.  */
#if defined (__stub_setpwent_r) || defined (__stub___setpwent_r)
choke me
#else
char (*f) () = setpwent_r;
#endif
#ifdef __cplusplus
}
#endif

#ifdef F77_DUMMY_MAIN
#  ifdef __cplusplus
     extern "C"
#  endif
   int F77_DUMMY_MAIN() { return 1; }
#endif
int
main ()
{
return f != setpwent_r;
  ;
  return 0;
}
configure:16572: result: no
configure:16672: checking for getpwnam_r
configure:16733: gcc -o conftest -fPIC   conftest.c -lnsl -lpthread  >&5
configure:16736: $? = 0
configure:16739: test -s conftest
configure:16742: $? = 0
configure:16752: result: yes
configure:16763: checking for getpwuid_r
configure:16824: gcc -o conftest -fPIC   conftest.c -lnsl -lpthread  >&5
configure:16827: $? = 0
configure:16830: test -s conftest
configure:16833: $? = 0
configure:16843: result: yes
configure:16855: checking for getservent_r
configure:16916: gcc -o conftest -fPIC   conftest.c -lnsl -lpthread  >&5
configure:16919: $? = 0
configure:16922: test -s conftest
configure:16925: $? = 0
configure:16935: result: yes
configure:16963: gcc -c -fPIC  conftest.c >&5
configure:16944:1: error: conflicting types for 'getservent_r'
 #include <netdb.h>
 ^
In file included from configure:16942:0:
/usr/include/netdb.h:308:12: note: previous declaration of 'getservent_r' was here
 extern int getservent_r (struct servent *__restrict __result_buf,
            ^
configure:16966: $? = 1
configure: failed program was:
#line 16938 "configure"
#include "confdefs.h"

#undef __USE_MISC
#define __USE_MISC
#include <netdb.h>
struct servent *
getservent_r(struct servent *result, char *buffer, int buflen) {}

#ifdef F77_DUMMY_MAIN
#  ifdef __cplusplus
     extern "C"
#  endif
   int F77_DUMMY_MAIN() { return 1; }
#endif
int
main ()
{
return (0);
  ;
  return 0;
}
configure:17012: gcc -c -fPIC  conftest.c >&5
configure:17015: $? = 0
configure:17018: test -s conftest.o
configure:17021: $? = 0
configure:17061: checking for endservent_r
configure:17122: gcc -o conftest -fPIC   conftest.c -lnsl -lpthread  >&5
/tmp/ccxBXZfC.o: In function `main':
conftest.c:(.text+0x11): undefined reference to `endservent_r'
/tmp/ccxBXZfC.o:(.data.rel+0x0): undefined reference to `endservent_r'
collect2: error: ld returned 1 exit status
configure:17125: $? = 1
configure: failed program was:
#line 17066 "configure"
#include "confdefs.h"
/* From autoconf 2.57 */
/* Define endservent_r to an innocuous variant, in case <limits.h> declares endservent_r.
   For example, HP-UX 11i <limits.h> declares gettimeofday.  */
#define endservent_r innocuous_endservent_r

/* System header to define __stub macros and hopefully few prototypes,
    which can conflict with char endservent_r (); below.
    Prefer <limits.h> to <assert.h> if __STDC__ is defined, since
    <limits.h> exists even on freestanding compilers.  */

#ifdef __STDC__
# include <limits.h>
#else
# include <assert.h>
#endif

#undef endservent_r

/* Override any gcc2 internal prototype to avoid an error.  */
#ifdef __cplusplus
extern "C"
{
#endif
/* We use char because int might match the return type of a gcc2
   builtin and then its argument prototype would still apply.  */
char endservent_r ();
/* The GNU C library defines this for functions which it implements
    to always fail with ENOSYS.  Some functions are actually named
    something starting with __ and the normal name is an alias.  */
#if defined (__stub_endservent_r) || defined (__stub___endservent_r)
choke me
#else
char (*f) () = endservent_r;
#endif
#ifdef __cplusplus
}
#endif

#ifdef F77_DUMMY_MAIN
#  ifdef __cplusplus
     extern "C"
#  endif
   int F77_DUMMY_MAIN() { return 1; }
#endif
int
main ()
{
return f != endservent_r;
  ;
  return 0;
}
configure:17141: result: no
configure:17205: checking for setservent_r
configure:17266: gcc -o conftest -fPIC   conftest.c -lnsl -lpthread  >&5
/tmp/ccojKCHD.o: In function `main':
conftest.c:(.text+0x11): undefined reference to `setservent_r'
/tmp/ccojKCHD.o:(.data.rel+0x0): undefined reference to `setservent_r'
collect2: error: ld returned 1 exit status
configure:17269: $? = 1
configure: failed program was:
#line 17210 "configure"
#include "confdefs.h"
/* From autoconf 2.57 */
/* Define setservent_r to an innocuous variant, in case <limits.h> declares setservent_r.
   For example, HP-UX 11i <limits.h> declares gettimeofday.  */
#define setservent_r innocuous_setservent_r

/* System header to define __stub macros and hopefully few prototypes,
    which can conflict with char setservent_r (); below.
    Prefer <limits.h> to <assert.h> if __STDC__ is defined, since
    <limits.h> exists even on freestanding compilers.  */

#ifdef __STDC__
# include <limits.h>
#else
# include <assert.h>
#endif

#undef setservent_r

/* Override any gcc2 internal prototype to avoid an error.  */
#ifdef __cplusplus
extern "C"
{
#endif
/* We use char because int might match the return type of a gcc2
   builtin and then its argument prototype would still apply.  */
char setservent_r ();
/* The GNU C library defines this for functions which it implements
    to always fail with ENOSYS.  Some functions are actually named
    something starting with __ and the normal name is an alias.  */
#if defined (__stub_setservent_r) || defined (__stub___setservent_r)
choke me
#else
char (*f) () = setservent_r;
#endif
#ifdef __cplusplus
}
#endif

#ifdef F77_DUMMY_MAIN
#  ifdef __cplusplus
     extern "C"
#  endif
   int F77_DUMMY_MAIN() { return 1; }
#endif
int
main ()
{
return f != setservent_r;
  ;
  return 0;
}
configure:17285: result: no
configure:17374: gcc -c -fPIC  conftest.c >&5
configure:17377: $? = 0
configure:17380: test -s conftest.o
configure:17383: $? = 0
configure:17471: gcc -c -fPIC  conftest.c >&5
configure:17451:6: error: conflicting types for 'setnetgrent'
 #include <unistd.h>
      ^
In file included from configure:17450:0:
/usr/include/netdb.h:395:12: note: previous declaration of 'setnetgrent' was here
 extern int setnetgrent (const char *__netgroup);
            ^
configure:17474: $? = 1
configure: failed program was:
#line 17443 "configure"
#include "confdefs.h"

#undef _REENTRANT
#define _REENTRANT
#undef __USE_MISC
#define __USE_MISC
#include <unistd.h>
#include <netdb.h>
void setnetgrent(const char *);


#ifdef F77_DUMMY_MAIN
#  ifdef __cplusplus
     extern "C"
#  endif
   int F77_DUMMY_MAIN() { return 1; }
#endif
int
main ()
{

  ;
  return 0;
}
configure:17517: gcc -c -fPIC  conftest.c >&5
configure:17497:6: error: conflicting types for 'setnetgrent'
 #include <unistd.h>
      ^
In file included from configure:17496:0:
/usr/include/netdb.h:395:12: note: previous declaration of 'setnetgrent' was here
 extern int setnetgrent (const char *__netgroup);
            ^
configure:17520: $? = 1
configure: failed program was:
#line 17489 "configure"
#include "confdefs.h"

#undef _REENTRANT
#define _REENTRANT
#undef __USE_MISC
#define __USE_MISC
#include <unistd.h>
#include <netdb.h>
void setnetgrent(char *);


#ifdef F77_DUMMY_MAIN
#  ifdef __cplusplus
     extern "C"
#  endif
   int F77_DUMMY_MAIN() { return 1; }
#endif
int
main ()
{

  ;
  return 0;
}
configure:17722: creating ./config.status

## ---------------------- ##
## Running config.status. ##
## ---------------------- ##

This file was extended by config.status, which was
generated by GNU Autoconf 2.53.  Invocation command line was

  CONFIG_FILES    = 
  CONFIG_HEADERS  = 
  CONFIG_LINKS    = 
  CONFIG_COMMANDS = 
  $ ./config.status 

on ubuntu-512mb-ams2-01

config.status:779: creating make/rules
config.status:779: creating make/mkdep
config.status:779: creating make/includes
config.status:779: creating Makefile
config.status:779: creating bsd/Makefile
config.status:779: creating dst/Makefile
config.status:779: creating include/Makefile
config.status:779: creating inet/Makefile
config.status:779: creating irs/Makefile
config.status:779: creating isc/Makefile
config.status:779: creating nameser/Makefile
config.status:779: creating port_after.h
config.status:779: creating port_before.h
config.status:779: creating resolv/Makefile
config.status:779: creating port/Makefile
config.status:779: creating port/linux/Makefile
config.status:779: creating port/linux/include/Makefile
config.status:883: creating config.h
config.status:1060: config.h is unchanged

## ---------------- ##
## Cache variables. ##
## ---------------- ##

ac_cv_build=x86_64-unknown-linux-gnu
ac_cv_build_alias=x86_64-unknown-linux-gnu
ac_cv_c_bigendian=no
ac_cv_c_compiler_gnu=yes
ac_cv_c_const=yes
ac_cv_c_inline=inline
ac_cv_env_CC_set=
ac_cv_env_CC_value=
ac_cv_env_CFLAGS_set=set
ac_cv_env_CFLAGS_value=-fPIC
ac_cv_env_CPPFLAGS_set=
ac_cv_env_CPPFLAGS_value=
ac_cv_env_CPP_set=
ac_cv_env_CPP_value=
ac_cv_env_LDFLAGS_set=
ac_cv_env_LDFLAGS_value=
ac_cv_env_build_alias_set=
ac_cv_env_build_alias_value=
ac_cv_env_host_alias_set=
ac_cv_env_host_alias_value=
ac_cv_env_target_alias_set=
ac_cv_env_target_alias_value=
ac_cv_exeext=
ac_cv_file__dev_random=yes
ac_cv_func_catgets=yes
ac_cv_func_chroot=yes
ac_cv_func_daemon=yes
ac_cv_func_endgrent_r=no
ac_cv_func_endhostent_r=no
ac_cv_func_endnetent_r=no
ac_cv_func_endnetgrent_r=no
ac_cv_func_endprotoent_r=no
ac_cv_func_endpwent_r=no
ac_cv_func_endservent_r=no
ac_cv_func_flockfile=yes
ac_cv_func_gai_strerror=yes
ac_cv_func_getaddrinfo=yes
ac_cv_func_getgrent_r=yes
ac_cv_func_getgrgid_r=yes
ac_cv_func_getgrnam_r=yes
ac_cv_func_getgrouplist=yes
ac_cv_func_gethostbyname_r=yes
ac_cv_func_getipnodebyname=no
ac_cv_func_getnameinfo=yes
ac_cv_func_getnetbyaddr_r=yes
ac_cv_func_getnetgrent_r=yes
ac_cv_func_getprotoent_r=yes
ac_cv_func_getpwent_r=yes
ac_cv_func_getpwnam_r=yes
ac_cv_func_getpwuid_r=yes
ac_cv_func_getservent_r=yes
ac_cv_func_gettimeofday=yes
ac_cv_func_innetgr_r=no
ac_cv_func_pselect=yes
ac_cv_func_pthread_attr_getstacksize=yes
ac_cv_func_setgrent_r=no
ac_cv_func_setgroupent=no
ac_cv_func_sethostent_r=no
ac_cv_func_setnetent_r=no
ac_cv_func_setnetgrent_r=no
ac_cv_func_setpassent=no
ac_cv_func_setpassent_r=no
ac_cv_func_setprotoent_r=no
ac_cv_func_setpwent_r=no
ac_cv_func_setservent_r=no
ac_cv_func_strerror=yes
ac_cv_func_strlcat=no
ac_cv_func_strndup=yes
ac_cv_func_strsep=yes
ac_cv_func_sysconf=yes
ac_cv_func_vsnprintf=yes
ac_cv_header_db_h=no
ac_cv_header_fcntl_h=yes
ac_cv_header_inttypes_h=yes
ac_cv_header_memory_h=yes
ac_cv_header_paths_h=yes
ac_cv_header_stdc=yes
ac_cv_header_stdint_h=yes
ac_cv_header_stdlib_h=yes
ac_cv_header_string_h=yes
ac_cv_header_strings_h=yes
ac_cv_header_sys_select_h=yes
ac_cv_header_sys_sockio_h=no
ac_cv_header_sys_stat_h=yes
ac_cv_header_sys_time_h=yes
ac_cv_header_sys_timers_h=no
ac_cv_header_sys_types_h=yes
ac_cv_header_time=yes
ac_cv_header_unistd_h=yes
ac_cv_host=x86_64-unknown-linux-gnu
ac_cv_host_alias=x86_64-unknown-linux-gnu
ac_cv_lib_c_sigwait=yes
ac_cv_lib_d4r_gethostbyname_r=no
ac_cv_lib_nsl_inet_ntoa=yes
ac_cv_lib_pthread_pthread_create=yes
ac_cv_lib_socket_socket=no
ac_cv_objext=o
ac_cv_path_AR=/usr/bin/ar
ac_cv_path_ETAGS=/usr/bin/etags
ac_cv_path_PERL=/usr/bin/perl
ac_cv_path_install='/usr/bin/install -c'
ac_cv_prog_CPP='gcc -E'
ac_cv_prog_ac_ct_CC=gcc
ac_cv_prog_ac_ct_RANLIB=ranlib
ac_cv_prog_cc_g=yes
ac_cv_prog_cc_stdc=
ac_cv_prog_make_make_set=yes
ac_cv_type_size_t=yes
lt_cv_sys_path_separator=:

## ----------- ##
## confdefs.h. ##
## ----------- ##

#define PACKAGE_NAME ""
#define PACKAGE_TARNAME ""
#define PACKAGE_VERSION ""
#define PACKAGE_STRING ""
#define PACKAGE_BUGREPORT ""
#define STDC_HEADERS 1
#define HAVE_SYS_TYPES_H 1
#define HAVE_SYS_STAT_H 1
#define HAVE_STDLIB_H 1
#define HAVE_STRING_H 1
#define HAVE_MEMORY_H 1
#define HAVE_STRINGS_H 1
#define HAVE_INTTYPES_H 1
#define HAVE_STDINT_H 1
#define HAVE_UNISTD_H 1
#define HAVE_FCNTL_H 1
#define HAVE_PATHS_H 1
#define HAVE_SYS_TIME_H 1
#define HAVE_UNISTD_H 1
#define HAVE_SYS_SELECT_H 1
#define TIME_WITH_SYS_TIME 1
#define PATH_RANDOMDEV "/dev/random"
#define HAVE_LIBPTHREAD 1
#define HAVE_SIGWAIT 1
#define HAVE_PTHREAD_ATTR_GETSTACKSIZE 1
#define HAVE_LINUXTHREADS 1
#define HAVE_SYSCONF 1
#define HAVE_FLOCKFILE 1
#define HAVE_CATGETS 1
#define HAVE_LIBNSL 1
#define WANT_IPV6 1
#define HAVE_ADDRINFO 1
#define HAVE_GETADDRINFO 1
#define HAVE_GAISTRERROR 1
#define HAVE_CHROOT 1
#define NEED_SETGROUPENT 1
#define NEED_ENDGRENT_R 1
#define NEED_SETGRENT_R 1
#define NEED_ENDNETGRENT_R 1
#define NEED_INNETGR_R 1
#define NEED_ENDPWENT_R 1
#define NEED_SETPASSENT_R 1
#define NEED_SETPASSENT 1
#define NEED_SETPWENT_R 1

configure: exit 0
